[2022-06-02 09:29:35.209] [settingssync] [info] Using settings sync service https://vscode-sync.trafficmanager.net/
[2022-06-02 09:29:35.209] [settingssync] [info] Auto Sync is enabled.
[2022-06-02 09:29:35.209] [settingssync] [info] Auto Sync: Suspended until auth token is available.
[2022-06-02 09:29:43.081] [settingssync] [info] Auto Sync: Started
[2022-06-02 09:29:43.083] [settingssync] [info] Auto Sync: Triggered by Interval
[2022-06-02 09:29:46.214] [settingssync] [info] Settings: No changes found during synchronizing settings.
[2022-06-02 09:29:46.261] [settingssync] [info] Keybindings: No changes found during synchronizing keybindings.
[2022-06-02 09:29:46.307] [settingssync] [info] Snippets: No changes found during synchronizing snippets.
[2022-06-02 09:29:46.317] [settingssync] [info] Tasks: No changes found during synchronizing tasks.
[2022-06-02 09:29:46.817] [settingssync] [info] GlobalState: Updated remote ui state
[2022-06-02 09:29:46.873] [settingssync] [info] GlobalState: Updated last synchronized ui state
[2022-06-02 09:29:47.228] [settingssync] [info] Extensions: No changes found during synchronizing extensions.
[2022-06-02 09:29:47.239] [settingssync] [info] Sync done. Took 1113ms
[2022-06-02 09:34:47.248] [settingssync] [info] Auto Sync: Triggered by Interval
[2022-06-02 09:34:48.624] [settingssync] [info] Settings: No changes found during synchronizing settings.
[2022-06-02 09:34:48.637] [settingssync] [info] Keybindings: No changes found during synchronizing keybindings.
[2022-06-02 09:34:48.650] [settingssync] [info] Snippets: No changes found during synchronizing snippets.
[2022-06-02 09:34:48.660] [settingssync] [info] Tasks: No changes found during synchronizing tasks.
[2022-06-02 09:34:48.672] [settingssync] [info] GlobalState: No changes found during synchronizing ui state.
[2022-06-02 09:34:48.870] [settingssync] [info] Extensions: No changes found during synchronizing extensions.
[2022-06-02 09:34:48.873] [settingssync] [info] Sync done. Took 281ms
[2022-06-02 09:39:48.885] [settingssync] [info] Auto Sync: Triggered by Interval
[2022-06-02 09:39:50.276] [settingssync] [info] Settings: No changes found during synchronizing settings.
[2022-06-02 09:39:50.287] [settingssync] [info] Keybindings: No changes found during synchronizing keybindings.
[2022-06-02 09:39:50.300] [settingssync] [info] Snippets: No changes found during synchronizing snippets.
[2022-06-02 09:39:50.310] [settingssync] [info] Tasks: No changes found during synchronizing tasks.
[2022-06-02 09:39:50.331] [settingssync] [info] GlobalState: No changes found during synchronizing ui state.
[2022-06-02 09:39:50.649] [settingssync] [info] Extensions: No changes found during synchronizing extensions.
[2022-06-02 09:39:50.653] [settingssync] [info] Sync done. Took 396ms
[2022-06-02 09:44:02.207] [settingssync] [info] Auto Sync: Triggered by Activity
[2022-06-02 09:44:02.805] [settingssync] [info] Settings: No changes found during synchronizing settings.
[2022-06-02 09:44:02.821] [settingssync] [info] Keybindings: No changes found during synchronizing keybindings.
[2022-06-02 09:44:02.844] [settingssync] [info] Snippets: No changes found during synchronizing snippets.
[2022-06-02 09:44:02.857] [settingssync] [info] Tasks: No changes found during synchronizing tasks.
[2022-06-02 09:44:02.918] [settingssync] [info] GlobalState: No changes found during synchronizing ui state.
[2022-06-02 09:44:03.216] [settingssync] [info] Extensions: No changes found during synchronizing extensions.
[2022-06-02 09:44:03.219] [settingssync] [info] Sync done. Took 435ms
[2022-06-02 09:44:18.055] [settingssync] [info] Auto Sync: Triggered by Activity
[2022-06-02 09:44:18.251] [settingssync] [info] Settings: No changes found during synchronizing settings.
[2022-06-02 09:44:18.270] [settingssync] [info] Keybindings: No changes found during synchronizing keybindings.
[2022-06-02 09:44:18.279] [settingssync] [info] Snippets: No changes found during synchronizing snippets.
[2022-06-02 09:44:18.294] [settingssync] [info] Tasks: No changes found during synchronizing tasks.
[2022-06-02 09:44:18.303] [settingssync] [info] GlobalState: No changes found during synchronizing ui state.
[2022-06-02 09:44:18.663] [settingssync] [info] Extensions: No changes found during synchronizing extensions.
[2022-06-02 09:44:18.667] [settingssync] [info] Sync done. Took 430ms
[2022-06-02 09:44:49.974] [settingssync] [info] Auto Sync: Triggered by Activity
[2022-06-02 09:44:50.171] [settingssync] [info] Settings: No changes found during synchronizing settings.
[2022-06-02 09:44:50.183] [settingssync] [info] Keybindings: No changes found during synchronizing keybindings.
[2022-06-02 09:44:50.193] [settingssync] [info] Snippets: No changes found during synchronizing snippets.
[2022-06-02 09:44:50.203] [settingssync] [info] Tasks: No changes found during synchronizing tasks.
[2022-06-02 09:44:50.220] [settingssync] [info] GlobalState: No changes found during synchronizing ui state.
[2022-06-02 09:44:50.407] [settingssync] [info] Extensions: No changes found during synchronizing extensions.
[2022-06-02 09:44:50.423] [settingssync] [info] Sync done. Took 263ms
[2022-06-02 09:45:26.987] [settingssync] [info] Auto Sync: Triggered by Activity
[2022-06-02 09:45:27.269] [settingssync] [info] Settings: No changes found during synchronizing settings.
[2022-06-02 09:45:27.297] [settingssync] [info] Keybindings: No changes found during synchronizing keybindings.
[2022-06-02 09:45:27.319] [settingssync] [info] Snippets: No changes found during synchronizing snippets.
[2022-06-02 09:45:27.334] [settingssync] [info] Tasks: No changes found during synchronizing tasks.
[2022-06-02 09:45:27.348] [settingssync] [info] GlobalState: No changes found during synchronizing ui state.
[2022-06-02 09:45:27.671] [settingssync] [info] Extensions: No changes found during synchronizing extensions.
[2022-06-02 09:45:27.687] [settingssync] [info] Sync done. Took 446ms
[2022-06-02 09:45:44.675] [settingssync] [info] Auto Sync: Triggered by Activity
[2022-06-02 09:45:45.748] [settingssync] [info] Settings: No changes found during synchronizing settings.
[2022-06-02 09:45:45.771] [settingssync] [info] Keybindings: No changes found during synchronizing keybindings.
[2022-06-02 09:45:45.798] [settingssync] [info] Snippets: No changes found during synchronizing snippets.
[2022-06-02 09:45:45.815] [settingssync] [info] Tasks: No changes found during synchronizing tasks.
[2022-06-02 09:45:45.825] [settingssync] [info] GlobalState: No changes found during synchronizing ui state.
[2022-06-02 09:45:46.032] [settingssync] [info] Extensions: No changes found during synchronizing extensions.
[2022-06-02 09:45:46.034] [settingssync] [info] Sync done. Took 318ms
[2022-06-02 09:46:04.106] [settingssync] [info] Auto Sync: Triggered by Activity
[2022-06-02 09:46:04.314] [settingssync] [info] Settings: No changes found during synchronizing settings.
[2022-06-02 09:46:04.335] [settingssync] [info] Keybindings: No changes found during synchronizing keybindings.
[2022-06-02 09:46:04.367] [settingssync] [info] Snippets: No changes found during synchronizing snippets.
[2022-06-02 09:46:04.379] [settingssync] [info] Tasks: No changes found during synchronizing tasks.
[2022-06-02 09:46:04.388] [settingssync] [info] GlobalState: No changes found during synchronizing ui state.
[2022-06-02 09:46:05.062] [settingssync] [info] Extensions: No changes found during synchronizing extensions.
[2022-06-02 09:46:05.071] [settingssync] [info] Sync done. Took 781ms
[2022-06-02 09:46:39.477] [settingssync] [info] Auto Sync: Triggered by Activity
[2022-06-02 09:46:39.656] [settingssync] [info] Settings: No changes found during synchronizing settings.
[2022-06-02 09:46:39.700] [settingssync] [info] Keybindings: No changes found during synchronizing keybindings.
[2022-06-02 09:46:39.734] [settingssync] [info] Snippets: No changes found during synchronizing snippets.
[2022-06-02 09:46:39.789] [settingssync] [info] Tasks: No changes found during synchronizing tasks.
[2022-06-02 09:46:39.819] [settingssync] [info] GlobalState: No changes found during synchronizing ui state.
[2022-06-02 09:46:40.347] [settingssync] [info] Extensions: No changes found during synchronizing extensions.
[2022-06-02 09:46:40.352] [settingssync] [info] Sync done. Took 708ms
[2022-06-02 09:46:55.031] [settingssync] [info] Auto Sync: Triggered by Activity
[2022-06-02 09:46:55.626] [settingssync] [info] Settings: No changes found during synchronizing settings.
[2022-06-02 09:46:55.643] [settingssync] [info] Keybindings: No changes found during synchronizing keybindings.
[2022-06-02 09:46:55.681] [settingssync] [info] Snippets: No changes found during synchronizing snippets.
[2022-06-02 09:46:55.696] [settingssync] [info] Tasks: No changes found during synchronizing tasks.
[2022-06-02 09:46:55.708] [settingssync] [info] GlobalState: No changes found during synchronizing ui state.
[2022-06-02 09:46:56.004] [settingssync] [info] Extensions: No changes found during synchronizing extensions.
[2022-06-02 09:46:56.007] [settingssync] [info] Sync done. Took 400ms
[2022-06-02 09:47:16.342] [settingssync] [info] Auto Sync: Triggered by Activity
[2022-06-02 09:47:16.548] [settingssync] [info] Settings: No changes found during synchronizing settings.
[2022-06-02 09:47:16.559] [settingssync] [info] Keybindings: No changes found during synchronizing keybindings.
[2022-06-02 09:47:16.567] [settingssync] [info] Snippets: No changes found during synchronizing snippets.
[2022-06-02 09:47:16.576] [settingssync] [info] Tasks: No changes found during synchronizing tasks.
[2022-06-02 09:47:16.585] [settingssync] [info] GlobalState: No changes found during synchronizing ui state.
[2022-06-02 09:47:16.772] [settingssync] [info] Extensions: No changes found during synchronizing extensions.
[2022-06-02 09:47:16.783] [settingssync] [info] Sync done. Took 253ms
[2022-06-02 09:52:16.791] [settingssync] [info] Auto Sync: Triggered by Interval
[2022-06-02 09:52:20.547] [settingssync] [info] Settings: No changes found during synchronizing settings.
[2022-06-02 09:52:20.557] [settingssync] [info] Keybindings: No changes found during synchronizing keybindings.
[2022-06-02 09:52:20.565] [settingssync] [info] Snippets: No changes found during synchronizing snippets.
[2022-06-02 09:52:20.572] [settingssync] [info] Tasks: No changes found during synchronizing tasks.
[2022-06-02 09:52:20.582] [settingssync] [info] GlobalState: No changes found during synchronizing ui state.
[2022-06-02 09:52:20.717] [settingssync] [info] Extensions: No changes found during synchronizing extensions.
[2022-06-02 09:52:20.720] [settingssync] [info] Sync done. Took 184ms
[2022-06-02 09:55:26.766] [settingssync] [info] Auto Sync: Triggered by Activity
[2022-06-02 09:55:27.238] [settingssync] [info] Settings: No changes found during synchronizing settings.
[2022-06-02 09:55:27.250] [settingssync] [info] Keybindings: No changes found during synchronizing keybindings.
[2022-06-02 09:55:27.266] [settingssync] [info] Snippets: No changes found during synchronizing snippets.
[2022-06-02 09:55:27.273] [settingssync] [info] Tasks: No changes found during synchronizing tasks.
[2022-06-02 09:55:27.289] [settingssync] [info] GlobalState: No changes found during synchronizing ui state.
[2022-06-02 09:55:27.466] [settingssync] [info] Extensions: No changes found during synchronizing extensions.
[2022-06-02 09:55:27.469] [settingssync] [info] Sync done. Took 267ms
[2022-06-02 10:00:27.471] [settingssync] [info] Auto Sync: Triggered by Interval
[2022-06-02 10:00:28.414] [settingssync] [info] Settings: No changes found during synchronizing settings.
[2022-06-02 10:00:28.431] [settingssync] [info] Keybindings: No changes found during synchronizing keybindings.
[2022-06-02 10:00:28.439] [settingssync] [info] Snippets: No changes found during synchronizing snippets.
[2022-06-02 10:00:28.446] [settingssync] [info] Tasks: No changes found during synchronizing tasks.
[2022-06-02 10:00:28.455] [settingssync] [info] GlobalState: No changes found during synchronizing ui state.
[2022-06-02 10:00:28.606] [settingssync] [info] Extensions: No changes found during synchronizing extensions.
[2022-06-02 10:00:28.609] [settingssync] [info] Sync done. Took 224ms
[2022-06-02 10:00:46.607] [settingssync] [info] Auto Sync: Triggered by Activity
[2022-06-02 10:00:48.743] [settingssync] [info] Settings: No changes found during synchronizing settings.
[2022-06-02 10:00:48.754] [settingssync] [info] Keybindings: No changes found during synchronizing keybindings.
[2022-06-02 10:00:48.763] [settingssync] [info] Snippets: No changes found during synchronizing snippets.
[2022-06-02 10:00:48.772] [settingssync] [info] Tasks: No changes found during synchronizing tasks.
[2022-06-02 10:00:48.781] [settingssync] [info] GlobalState: No changes found during synchronizing ui state.
[2022-06-02 10:00:48.977] [settingssync] [info] Extensions: No changes found during synchronizing extensions.
[2022-06-02 10:00:48.979] [settingssync] [info] Sync done. Took 249ms
[2022-06-02 10:02:38.781] [settingssync] [info] Auto Sync: Triggered by Activity
[2022-06-02 10:02:38.978] [settingssync] [info] Settings: No changes found during synchronizing settings.
[2022-06-02 10:02:38.994] [settingssync] [info] Keybindings: No changes found during synchronizing keybindings.
[2022-06-02 10:02:39.006] [settingssync] [info] Snippets: No changes found during synchronizing snippets.
[2022-06-02 10:02:39.013] [settingssync] [info] Tasks: No changes found during synchronizing tasks.
[2022-06-02 10:02:39.023] [settingssync] [info] GlobalState: No changes found during synchronizing ui state.
[2022-06-02 10:02:39.196] [settingssync] [info] Extensions: No changes found during synchronizing extensions.
[2022-06-02 10:02:39.201] [settingssync] [info] Sync done. Took 232ms
[2022-06-02 10:07:39.204] [settingssync] [info] Auto Sync: Triggered by Interval
[2022-06-02 10:07:41.696] [settingssync] [info] Settings: No changes found during synchronizing settings.
[2022-06-02 10:07:41.714] [settingssync] [info] Keybindings: No changes found during synchronizing keybindings.
[2022-06-02 10:07:41.733] [settingssync] [info] Snippets: No changes found during synchronizing snippets.
[2022-06-02 10:07:41.748] [settingssync] [info] Tasks: No changes found during synchronizing tasks.
[2022-06-02 10:07:41.763] [settingssync] [info] GlobalState: No changes found during synchronizing ui state.
[2022-06-02 10:07:42.045] [settingssync] [info] Extensions: No changes found during synchronizing extensions.
[2022-06-02 10:07:42.054] [settingssync] [info] Sync done. Took 379ms
[2022-06-02 10:11:47.198] [settingssync] [info] Auto Sync: Triggered by Activity
[2022-06-02 10:11:47.657] [settingssync] [info] Settings: No changes found during synchronizing settings.
[2022-06-02 10:11:47.671] [settingssync] [info] Keybindings: No changes found during synchronizing keybindings.
[2022-06-02 10:11:47.683] [settingssync] [info] Snippets: No changes found during synchronizing snippets.
[2022-06-02 10:11:47.694] [settingssync] [info] Tasks: No changes found during synchronizing tasks.
[2022-06-02 10:11:47.707] [settingssync] [info] GlobalState: No changes found during synchronizing ui state.
[2022-06-02 10:11:47.916] [settingssync] [info] Extensions: No changes found during synchronizing extensions.
[2022-06-02 10:11:47.919] [settingssync] [info] Sync done. Took 275ms
[2022-06-02 10:12:07.455] [settingssync] [info] Auto Sync: Triggered by Activity
[2022-06-02 10:12:07.635] [settingssync] [info] Settings: No changes found during synchronizing settings.
[2022-06-02 10:12:07.644] [settingssync] [info] Keybindings: No changes found during synchronizing keybindings.
[2022-06-02 10:12:07.654] [settingssync] [info] Snippets: No changes found during synchronizing snippets.
[2022-06-02 10:12:07.661] [settingssync] [info] Tasks: No changes found during synchronizing tasks.
[2022-06-02 10:12:07.671] [settingssync] [info] GlobalState: No changes found during synchronizing ui state.
[2022-06-02 10:12:07.908] [settingssync] [info] Extensions: No changes found during synchronizing extensions.
[2022-06-02 10:12:07.910] [settingssync] [info] Sync done. Took 284ms
[2022-06-02 10:12:27.689] [settingssync] [info] Auto Sync: Triggered by Activity
[2022-06-02 10:12:27.882] [settingssync] [info] Settings: No changes found during synchronizing settings.
[2022-06-02 10:12:27.893] [settingssync] [info] Keybindings: No changes found during synchronizing keybindings.
[2022-06-02 10:12:27.904] [settingssync] [info] Snippets: No changes found during synchronizing snippets.
[2022-06-02 10:12:27.913] [settingssync] [info] Tasks: No changes found during synchronizing tasks.
[2022-06-02 10:12:27.926] [settingssync] [info] GlobalState: No changes found during synchronizing ui state.
[2022-06-02 10:12:28.079] [settingssync] [info] Extensions: No changes found during synchronizing extensions.
[2022-06-02 10:12:28.082] [settingssync] [info] Sync done. Took 210ms
[2022-06-02 10:13:24.809] [settingssync] [info] Auto Sync: Triggered by Activity
[2022-06-02 10:13:25.007] [settingssync] [info] Settings: No changes found during synchronizing settings.
[2022-06-02 10:13:25.027] [settingssync] [info] Keybindings: No changes found during synchronizing keybindings.
[2022-06-02 10:13:25.045] [settingssync] [info] Snippets: No changes found during synchronizing snippets.
[2022-06-02 10:13:25.053] [settingssync] [info] Tasks: No changes found during synchronizing tasks.
[2022-06-02 10:13:25.068] [settingssync] [info] GlobalState: No changes found during synchronizing ui state.
[2022-06-02 10:13:25.287] [settingssync] [info] Extensions: No changes found during synchronizing extensions.
[2022-06-02 10:13:25.292] [settingssync] [info] Sync done. Took 311ms
[2022-06-02 10:13:41.019] [settingssync] [info] Auto Sync: Triggered by Activity
[2022-06-02 10:13:41.209] [settingssync] [info] Settings: No changes found during synchronizing settings.
[2022-06-02 10:13:41.227] [settingssync] [info] Keybindings: No changes found during synchronizing keybindings.
[2022-06-02 10:13:41.241] [settingssync] [info] Snippets: No changes found during synchronizing snippets.
[2022-06-02 10:13:41.256] [settingssync] [info] Tasks: No changes found during synchronizing tasks.
[2022-06-02 10:13:41.292] [settingssync] [info] GlobalState: No changes found during synchronizing ui state.
[2022-06-02 10:13:41.606] [settingssync] [info] Extensions: No changes found during synchronizing extensions.
[2022-06-02 10:13:41.616] [settingssync] [info] Sync done. Took 415ms
[2022-06-02 10:14:14.704] [settingssync] [info] Auto Sync: Triggered by Activity
[2022-06-02 10:14:14.879] [settingssync] [info] Settings: No changes found during synchronizing settings.
[2022-06-02 10:14:14.895] [settingssync] [info] Keybindings: No changes found during synchronizing keybindings.
[2022-06-02 10:14:14.909] [settingssync] [info] Snippets: No changes found during synchronizing snippets.
[2022-06-02 10:14:14.916] [settingssync] [info] Tasks: No changes found during synchronizing tasks.
[2022-06-02 10:14:14.933] [settingssync] [info] GlobalState: No changes found during synchronizing ui state.
[2022-06-02 10:14:15.244] [settingssync] [info] Extensions: No changes found during synchronizing extensions.
[2022-06-02 10:14:15.253] [settingssync] [info] Sync done. Took 382ms
[2022-06-02 10:14:50.929] [settingssync] [info] Auto Sync: Triggered by Activity
[2022-06-02 10:14:51.103] [settingssync] [info] Settings: No changes found during synchronizing settings.
[2022-06-02 10:14:51.111] [settingssync] [info] Keybindings: No changes found during synchronizing keybindings.
[2022-06-02 10:14:51.130] [settingssync] [info] Snippets: No changes found during synchronizing snippets.
[2022-06-02 10:14:51.142] [settingssync] [info] Tasks: No changes found during synchronizing tasks.
[2022-06-02 10:14:51.152] [settingssync] [info] GlobalState: No changes found during synchronizing ui state.
[2022-06-02 10:14:51.402] [settingssync] [info] Extensions: No changes found during synchronizing extensions.
[2022-06-02 10:14:51.407] [settingssync] [info] Sync done. Took 314ms
[2022-06-02 10:15:31.028] [settingssync] [info] Auto Sync: Triggered by Activity
[2022-06-02 10:15:31.212] [settingssync] [info] Settings: No changes found during synchronizing settings.
[2022-06-02 10:15:31.220] [settingssync] [info] Keybindings: No changes found during synchronizing keybindings.
[2022-06-02 10:15:31.232] [settingssync] [info] Snippets: No changes found during synchronizing snippets.
[2022-06-02 10:15:31.238] [settingssync] [info] Tasks: No changes found during synchronizing tasks.
[2022-06-02 10:15:31.255] [settingssync] [info] GlobalState: No changes found during synchronizing ui state.
[2022-06-02 10:15:31.425] [settingssync] [info] Extensions: No changes found during synchronizing extensions.
[2022-06-02 10:15:31.429] [settingssync] [info] Sync done. Took 236ms
[2022-06-02 10:15:46.839] [settingssync] [info] Auto Sync: Triggered by Activity
[2022-06-02 10:15:51.522] [settingssync] [info] Settings: No changes found during synchronizing settings.
[2022-06-02 10:15:51.537] [settingssync] [info] Keybindings: No changes found during synchronizing keybindings.
[2022-06-02 10:15:51.549] [settingssync] [info] Snippets: No changes found during synchronizing snippets.
[2022-06-02 10:15:51.561] [settingssync] [info] Tasks: No changes found during synchronizing tasks.
[2022-06-02 10:15:51.570] [settingssync] [info] GlobalState: No changes found during synchronizing ui state.
[2022-06-02 10:15:51.904] [settingssync] [info] Extensions: No changes found during synchronizing extensions.
[2022-06-02 10:15:51.907] [settingssync] [info] Sync done. Took 391ms
[2022-06-02 10:16:19.086] [settingssync] [info] Auto Sync: Triggered by Activity
[2022-06-02 10:16:19.288] [settingssync] [info] Settings: No changes found during synchronizing settings.
[2022-06-02 10:16:19.300] [settingssync] [info] Keybindings: No changes found during synchronizing keybindings.
[2022-06-02 10:16:19.314] [settingssync] [info] Snippets: No changes found during synchronizing snippets.
[2022-06-02 10:16:19.322] [settingssync] [info] Tasks: No changes found during synchronizing tasks.
[2022-06-02 10:16:19.337] [settingssync] [info] GlobalState: No changes found during synchronizing ui state.
[2022-06-02 10:16:19.668] [settingssync] [info] Extensions: No changes found during synchronizing extensions.
[2022-06-02 10:16:19.681] [settingssync] [info] Sync done. Took 408ms
[2022-06-02 10:16:40.194] [settingssync] [info] Auto Sync: Triggered by Activity
[2022-06-02 10:16:40.410] [settingssync] [info] Settings: No changes found during synchronizing settings.
[2022-06-02 10:16:40.432] [settingssync] [info] Keybindings: No changes found during synchronizing keybindings.
[2022-06-02 10:16:40.447] [settingssync] [info] Snippets: No changes found during synchronizing snippets.
[2022-06-02 10:16:40.461] [settingssync] [info] Tasks: No changes found during synchronizing tasks.
[2022-06-02 10:16:40.472] [settingssync] [info] GlobalState: No changes found during synchronizing ui state.
[2022-06-02 10:16:40.673] [settingssync] [info] Extensions: No changes found during synchronizing extensions.
[2022-06-02 10:16:40.676] [settingssync] [info] Sync done. Took 298ms
[2022-06-02 10:17:13.990] [settingssync] [info] Auto Sync: Triggered by Activity
[2022-06-02 10:17:14.184] [settingssync] [info] Settings: No changes found during synchronizing settings.
[2022-06-02 10:17:14.202] [settingssync] [info] Keybindings: No changes found during synchronizing keybindings.
[2022-06-02 10:17:14.213] [settingssync] [info] Snippets: No changes found during synchronizing snippets.
[2022-06-02 10:17:14.227] [settingssync] [info] Tasks: No changes found during synchronizing tasks.
[2022-06-02 10:17:14.241] [settingssync] [info] GlobalState: No changes found during synchronizing ui state.
[2022-06-02 10:17:14.566] [settingssync] [info] Extensions: No changes found during synchronizing extensions.
[2022-06-02 10:17:14.568] [settingssync] [info] Sync done. Took 398ms
[2022-06-02 10:17:30.121] [settingssync] [info] Auto Sync: Triggered by Activity
[2022-06-02 10:17:30.328] [settingssync] [info] Settings: No changes found during synchronizing settings.
[2022-06-02 10:17:30.344] [settingssync] [info] Keybindings: No changes found during synchronizing keybindings.
[2022-06-02 10:17:30.355] [settingssync] [info] Snippets: No changes found during synchronizing snippets.
[2022-06-02 10:17:30.370] [settingssync] [info] Tasks: No changes found during synchronizing tasks.
[2022-06-02 10:17:30.385] [settingssync] [info] GlobalState: No changes found during synchronizing ui state.
[2022-06-02 10:17:30.673] [settingssync] [info] Extensions: No changes found during synchronizing extensions.
[2022-06-02 10:17:30.690] [settingssync] [info] Sync done. Took 383ms
[2022-06-02 10:17:57.456] [settingssync] [info] Auto Sync: Triggered by Activity
[2022-06-02 10:17:57.683] [settingssync] [info] Settings: No changes found during synchronizing settings.
[2022-06-02 10:17:57.729] [settingssync] [info] Keybindings: No changes found during synchronizing keybindings.
[2022-06-02 10:17:57.746] [settingssync] [info] Snippets: No changes found during synchronizing snippets.
[2022-06-02 10:17:57.762] [settingssync] [info] Tasks: No changes found during synchronizing tasks.
[2022-06-02 10:17:57.775] [settingssync] [info] GlobalState: No changes found during synchronizing ui state.
[2022-06-02 10:17:57.964] [settingssync] [info] Extensions: No changes found during synchronizing extensions.
[2022-06-02 10:17:57.975] [settingssync] [info] Sync done. Took 296ms
[2022-06-02 10:18:16.258] [settingssync] [info] Auto Sync: Triggered by Activity
[2022-06-02 10:18:16.448] [settingssync] [info] Settings: No changes found during synchronizing settings.
[2022-06-02 10:18:16.469] [settingssync] [info] Keybindings: No changes found during synchronizing keybindings.
[2022-06-02 10:18:16.505] [settingssync] [info] Snippets: No changes found during synchronizing snippets.
[2022-06-02 10:18:16.514] [settingssync] [info] Tasks: No changes found during synchronizing tasks.
[2022-06-02 10:18:16.523] [settingssync] [info] GlobalState: No changes found during synchronizing ui state.
[2022-06-02 10:18:16.711] [settingssync] [info] Extensions: No changes found during synchronizing extensions.
[2022-06-02 10:18:16.718] [settingssync] [info] Sync done. Took 280ms
[2022-06-02 10:18:29.882] [settingssync] [info] Auto Sync: Triggered by Activity
[2022-06-02 10:18:30.057] [settingssync] [info] Settings: No changes found during synchronizing settings.
[2022-06-02 10:18:30.068] [settingssync] [info] Keybindings: No changes found during synchronizing keybindings.
[2022-06-02 10:18:30.078] [settingssync] [info] Snippets: No changes found during synchronizing snippets.
[2022-06-02 10:18:30.099] [settingssync] [info] Tasks: No changes found during synchronizing tasks.
[2022-06-02 10:18:30.136] [settingssync] [info] GlobalState: No changes found during synchronizing ui state.
[2022-06-02 10:18:30.475] [settingssync] [info] Extensions: No changes found during synchronizing extensions.
[2022-06-02 10:18:30.478] [settingssync] [info] Sync done. Took 430ms
[2022-06-02 10:19:22.788] [settingssync] [info] Auto Sync: Triggered by Activity
[2022-06-02 10:19:22.968] [settingssync] [info] Settings: No changes found during synchronizing settings.
[2022-06-02 10:19:22.982] [settingssync] [info] Keybindings: No changes found during synchronizing keybindings.
[2022-06-02 10:19:22.993] [settingssync] [info] Snippets: No changes found during synchronizing snippets.
[2022-06-02 10:19:23.003] [settingssync] [info] Tasks: No changes found during synchronizing tasks.
[2022-06-02 10:19:23.012] [settingssync] [info] GlobalState: No changes found during synchronizing ui state.
[2022-06-02 10:19:23.154] [settingssync] [info] Extensions: No changes found during synchronizing extensions.
[2022-06-02 10:19:23.162] [settingssync] [info] Sync done. Took 207ms
[2022-06-02 10:20:06.374] [settingssync] [info] Auto Sync: Triggered by Activity
[2022-06-02 10:20:06.584] [settingssync] [info] Settings: No changes found during synchronizing settings.
[2022-06-02 10:20:06.594] [settingssync] [info] Keybindings: No changes found during synchronizing keybindings.
[2022-06-02 10:20:06.620] [settingssync] [info] Snippets: No changes found during synchronizing snippets.
[2022-06-02 10:20:06.630] [settingssync] [info] Tasks: No changes found during synchronizing tasks.
[2022-06-02 10:20:06.651] [settingssync] [info] GlobalState: No changes found during synchronizing ui state.
[2022-06-02 10:20:06.803] [settingssync] [info] Extensions: No changes found during synchronizing extensions.
[2022-06-02 10:20:06.805] [settingssync] [info] Sync done. Took 233ms
[2022-06-02 10:20:29.203] [settingssync] [info] Auto Sync: Triggered by Activity
[2022-06-02 10:20:29.399] [settingssync] [info] Settings: No changes found during synchronizing settings.
[2022-06-02 10:20:29.416] [settingssync] [info] Keybindings: No changes found during synchronizing keybindings.
[2022-06-02 10:20:29.440] [settingssync] [info] Snippets: No changes found during synchronizing snippets.
[2022-06-02 10:20:29.453] [settingssync] [info] Tasks: No changes found during synchronizing tasks.
[2022-06-02 10:20:29.473] [settingssync] [info] GlobalState: No changes found during synchronizing ui state.
[2022-06-02 10:20:29.826] [settingssync] [info] Extensions: No changes found during synchronizing extensions.
[2022-06-02 10:20:29.834] [settingssync] [info] Sync done. Took 443ms
[2022-06-02 10:20:58.498] [settingssync] [info] Auto Sync: Triggered by Activity
[2022-06-02 10:20:58.769] [settingssync] [info] Settings: No changes found during synchronizing settings.
[2022-06-02 10:20:58.815] [settingssync] [info] Keybindings: No changes found during synchronizing keybindings.
[2022-06-02 10:20:58.846] [settingssync] [info] Snippets: No changes found during synchronizing snippets.
[2022-06-02 10:20:58.923] [settingssync] [info] Tasks: No changes found during synchronizing tasks.
[2022-06-02 10:20:58.965] [settingssync] [info] GlobalState: No changes found during synchronizing ui state.
[2022-06-02 10:20:59.298] [settingssync] [info] Extensions: No changes found during synchronizing extensions.
[2022-06-02 10:20:59.302] [settingssync] [info] Sync done. Took 560ms
[2022-06-02 10:21:18.394] [settingssync] [info] Auto Sync: Triggered by Activity
[2022-06-02 10:21:18.589] [settingssync] [info] Settings: No changes found during synchronizing settings.
[2022-06-02 10:21:18.611] [settingssync] [info] Keybindings: No changes found during synchronizing keybindings.
[2022-06-02 10:21:18.621] [settingssync] [info] Snippets: No changes found during synchronizing snippets.
[2022-06-02 10:21:18.629] [settingssync] [info] Tasks: No changes found during synchronizing tasks.
[2022-06-02 10:21:18.637] [settingssync] [info] GlobalState: No changes found during synchronizing ui state.
[2022-06-02 10:21:18.774] [settingssync] [info] Extensions: No changes found during synchronizing extensions.
[2022-06-02 10:21:18.779] [settingssync] [info] Sync done. Took 210ms
[2022-06-02 10:21:38.797] [settingssync] [info] Auto Sync: Triggered by Activity
[2022-06-02 10:21:39.004] [settingssync] [info] Settings: No changes found during synchronizing settings.
[2022-06-02 10:21:39.015] [settingssync] [info] Keybindings: No changes found during synchronizing keybindings.
[2022-06-02 10:21:39.024] [settingssync] [info] Snippets: No changes found during synchronizing snippets.
[2022-06-02 10:21:39.035] [settingssync] [info] Tasks: No changes found during synchronizing tasks.
[2022-06-02 10:21:39.048] [settingssync] [info] GlobalState: No changes found during synchronizing ui state.
[2022-06-02 10:21:39.253] [settingssync] [info] Extensions: No changes found during synchronizing extensions.
[2022-06-02 10:21:39.258] [settingssync] [info] Sync done. Took 286ms
[2022-06-02 10:23:11.029] [settingssync] [info] Auto Sync: Triggered by Activity
[2022-06-02 10:23:11.210] [settingssync] [info] Settings: No changes found during synchronizing settings.
[2022-06-02 10:23:11.224] [settingssync] [info] Keybindings: No changes found during synchronizing keybindings.
[2022-06-02 10:23:11.236] [settingssync] [info] Snippets: No changes found during synchronizing snippets.
[2022-06-02 10:23:11.245] [settingssync] [info] Tasks: No changes found during synchronizing tasks.
[2022-06-02 10:23:11.254] [settingssync] [info] GlobalState: No changes found during synchronizing ui state.
[2022-06-02 10:23:11.433] [settingssync] [info] Extensions: No changes found during synchronizing extensions.
[2022-06-02 10:23:11.439] [settingssync] [info] Sync done. Took 244ms
[2022-06-02 10:23:38.484] [settingssync] [info] Auto Sync: Triggered by Activity
[2022-06-02 10:23:38.664] [settingssync] [info] Settings: No changes found during synchronizing settings.
[2022-06-02 10:23:38.674] [settingssync] [info] Keybindings: No changes found during synchronizing keybindings.
[2022-06-02 10:23:38.685] [settingssync] [info] Snippets: No changes found during synchronizing snippets.
[2022-06-02 10:23:38.693] [settingssync] [info] Tasks: No changes found during synchronizing tasks.
[2022-06-02 10:23:38.703] [settingssync] [info] GlobalState: No changes found during synchronizing ui state.
[2022-06-02 10:23:38.892] [settingssync] [info] Extensions: No changes found during synchronizing extensions.
[2022-06-02 10:23:38.895] [settingssync] [info] Sync done. Took 243ms
[2022-06-02 10:24:24.099] [settingssync] [info] Auto Sync: Triggered by Activity
[2022-06-02 10:24:24.317] [settingssync] [info] Settings: No changes found during synchronizing settings.
[2022-06-02 10:24:24.331] [settingssync] [info] Keybindings: No changes found during synchronizing keybindings.
[2022-06-02 10:24:24.349] [settingssync] [info] Snippets: No changes found during synchronizing snippets.
[2022-06-02 10:24:24.356] [settingssync] [info] Tasks: No changes found during synchronizing tasks.
[2022-06-02 10:24:24.368] [settingssync] [info] GlobalState: No changes found during synchronizing ui state.
[2022-06-02 10:24:24.566] [settingssync] [info] Extensions: No changes found during synchronizing extensions.
[2022-06-02 10:24:24.570] [settingssync] [info] Sync done. Took 297ms
[2022-06-02 10:25:16.944] [settingssync] [info] Auto Sync: Triggered by Activity
[2022-06-02 10:25:17.154] [settingssync] [info] Settings: No changes found during synchronizing settings.
[2022-06-02 10:25:17.162] [settingssync] [info] Keybindings: No changes found during synchronizing keybindings.
[2022-06-02 10:25:17.187] [settingssync] [info] Snippets: No changes found during synchronizing snippets.
[2022-06-02 10:25:17.198] [settingssync] [info] Tasks: No changes found during synchronizing tasks.
[2022-06-02 10:25:17.212] [settingssync] [info] GlobalState: No changes found during synchronizing ui state.
[2022-06-02 10:25:17.477] [settingssync] [info] Extensions: No changes found during synchronizing extensions.
[2022-06-02 10:25:17.481] [settingssync] [info] Sync done. Took 342ms
[2022-06-02 10:30:17.489] [settingssync] [info] Auto Sync: Triggered by Interval
[2022-06-02 10:30:17.978] [settingssync] [info] Settings: No changes found during synchronizing settings.
[2022-06-02 10:30:17.988] [settingssync] [info] Keybindings: No changes found during synchronizing keybindings.
[2022-06-02 10:30:17.996] [settingssync] [info] Snippets: No changes found during synchronizing snippets.
[2022-06-02 10:30:18.010] [settingssync] [info] Tasks: No changes found during synchronizing tasks.
[2022-06-02 10:30:18.025] [settingssync] [info] GlobalState: No changes found during synchronizing ui state.
[2022-06-02 10:30:18.217] [settingssync] [info] Extensions: No changes found during synchronizing extensions.
[2022-06-02 10:30:18.220] [settingssync] [info] Sync done. Took 253ms
[2022-06-02 10:33:01.697] [settingssync] [info] Auto Sync: Triggered by Activity
[2022-06-02 10:33:02.596] [settingssync] [info] Settings: No changes found during synchronizing settings.
[2022-06-02 10:33:02.604] [settingssync] [info] Keybindings: No changes found during synchronizing keybindings.
[2022-06-02 10:33:02.613] [settingssync] [info] Snippets: No changes found during synchronizing snippets.
[2022-06-02 10:33:02.628] [settingssync] [info] Tasks: No changes found during synchronizing tasks.
[2022-06-02 10:33:02.647] [settingssync] [info] GlobalState: No changes found during synchronizing ui state.
[2022-06-02 10:33:02.852] [settingssync] [info] Extensions: No changes found during synchronizing extensions.
[2022-06-02 10:33:02.855] [settingssync] [info] Sync done. Took 271ms
[2022-06-02 10:34:30.570] [settingssync] [info] Auto Sync: Triggered by Activity
[2022-06-02 10:34:30.796] [settingssync] [info] Settings: No changes found during synchronizing settings.
[2022-06-02 10:34:30.842] [settingssync] [info] Keybindings: No changes found during synchronizing keybindings.
[2022-06-02 10:34:30.859] [settingssync] [info] Snippets: No changes found during synchronizing snippets.
[2022-06-02 10:34:30.871] [settingssync] [info] Tasks: No changes found during synchronizing tasks.
[2022-06-02 10:34:30.892] [settingssync] [info] GlobalState: No changes found during synchronizing ui state.
[2022-06-02 10:34:31.186] [settingssync] [info] Extensions: No changes found during synchronizing extensions.
[2022-06-02 10:34:31.196] [settingssync] [info] Sync done. Took 437ms
[2022-06-02 10:35:52.427] [settingssync] [info] Auto Sync: Triggered by Activity
[2022-06-02 10:35:52.640] [settingssync] [info] Settings: No changes found during synchronizing settings.
[2022-06-02 10:35:52.654] [settingssync] [info] Keybindings: No changes found during synchronizing keybindings.
[2022-06-02 10:35:52.663] [settingssync] [info] Snippets: No changes found during synchronizing snippets.
[2022-06-02 10:35:52.672] [settingssync] [info] Tasks: No changes found during synchronizing tasks.
[2022-06-02 10:35:52.681] [settingssync] [info] GlobalState: No changes found during synchronizing ui state.
[2022-06-02 10:35:52.917] [settingssync] [info] Extensions: No changes found during synchronizing extensions.
[2022-06-02 10:35:52.919] [settingssync] [info] Sync done. Took 301ms
[2022-06-02 10:36:38.949] [settingssync] [info] Auto Sync: Triggered by Activity
[2022-06-02 10:36:39.210] [settingssync] [info] Settings: No changes found during synchronizing settings.
[2022-06-02 10:36:39.224] [settingssync] [info] Keybindings: No changes found during synchronizing keybindings.
[2022-06-02 10:36:39.231] [settingssync] [info] Snippets: No changes found during synchronizing snippets.
[2022-06-02 10:36:39.238] [settingssync] [info] Tasks: No changes found during synchronizing tasks.
[2022-06-02 10:36:39.247] [settingssync] [info] GlobalState: No changes found during synchronizing ui state.
[2022-06-02 10:36:39.429] [settingssync] [info] Extensions: No changes found during synchronizing extensions.
[2022-06-02 10:36:39.432] [settingssync] [info] Sync done. Took 254ms
[2022-06-02 10:41:39.444] [settingssync] [info] Auto Sync: Triggered by Interval
[2022-06-02 10:41:39.961] [settingssync] [info] Settings: No changes found during synchronizing settings.
[2022-06-02 10:41:39.974] [settingssync] [info] Keybindings: No changes found during synchronizing keybindings.
[2022-06-02 10:41:39.985] [settingssync] [info] Snippets: No changes found during synchronizing snippets.
[2022-06-02 10:41:39.994] [settingssync] [info] Tasks: No changes found during synchronizing tasks.
[2022-06-02 10:41:40.004] [settingssync] [info] GlobalState: No changes found during synchronizing ui state.
[2022-06-02 10:41:40.175] [settingssync] [info] Extensions: No changes found during synchronizing extensions.
[2022-06-02 10:41:40.179] [settingssync] [info] Sync done. Took 233ms
[2022-06-02 10:44:02.146] [settingssync] [info] Auto Sync: Triggered by Activity
[2022-06-02 10:44:02.694] [settingssync] [info] Settings: No changes found during synchronizing settings.
[2022-06-02 10:44:02.712] [settingssync] [info] Keybindings: No changes found during synchronizing keybindings.
[2022-06-02 10:44:02.721] [settingssync] [info] Snippets: No changes found during synchronizing snippets.
[2022-06-02 10:44:02.729] [settingssync] [info] Tasks: No changes found during synchronizing tasks.
[2022-06-02 10:44:02.738] [settingssync] [info] GlobalState: No changes found during synchronizing ui state.
[2022-06-02 10:44:02.916] [settingssync] [info] Extensions: No changes found during synchronizing extensions.
[2022-06-02 10:44:02.919] [settingssync] [info] Sync done. Took 252ms
[2022-06-02 10:44:57.994] [settingssync] [info] Auto Sync: Triggered by Activity
[2022-06-02 10:44:58.183] [settingssync] [info] Settings: No changes found during synchronizing settings.
[2022-06-02 10:44:58.200] [settingssync] [info] Keybindings: No changes found during synchronizing keybindings.
[2022-06-02 10:44:58.212] [settingssync] [info] Snippets: No changes found during synchronizing snippets.
[2022-06-02 10:44:58.225] [settingssync] [info] Tasks: No changes found during synchronizing tasks.
[2022-06-02 10:44:58.234] [settingssync] [info] GlobalState: No changes found during synchronizing ui state.
[2022-06-02 10:44:58.404] [settingssync] [info] Extensions: No changes found during synchronizing extensions.
[2022-06-02 10:44:58.407] [settingssync] [info] Sync done. Took 243ms
[2022-06-02 10:45:40.587] [settingssync] [info] Auto Sync: Triggered by Activity
[2022-06-02 10:45:40.870] [settingssync] [info] Settings: No changes found during synchronizing settings.
[2022-06-02 10:45:40.903] [settingssync] [info] Keybindings: No changes found during synchronizing keybindings.
[2022-06-02 10:45:40.920] [settingssync] [info] Snippets: No changes found during synchronizing snippets.
[2022-06-02 10:45:40.928] [settingssync] [info] Tasks: No changes found during synchronizing tasks.
[2022-06-02 10:45:40.937] [settingssync] [info] GlobalState: No changes found during synchronizing ui state.
[2022-06-02 10:45:41.080] [settingssync] [info] Extensions: No changes found during synchronizing extensions.
[2022-06-02 10:45:41.084] [settingssync] [info] Sync done. Took 228ms
[2022-06-02 10:49:04.113] [settingssync] [info] Auto Sync: Triggered by Activity
[2022-06-02 10:49:04.564] [settingssync] [info] Settings: No changes found during synchronizing settings.
[2022-06-02 10:49:04.573] [settingssync] [info] Keybindings: No changes found during synchronizing keybindings.
[2022-06-02 10:49:04.584] [settingssync] [info] Snippets: No changes found during synchronizing snippets.
[2022-06-02 10:49:04.590] [settingssync] [info] Tasks: No changes found during synchronizing tasks.
[2022-06-02 10:49:04.602] [settingssync] [info] GlobalState: No changes found during synchronizing ui state.
[2022-06-02 10:49:04.836] [settingssync] [info] Extensions: No changes found during synchronizing extensions.
[2022-06-02 10:49:04.847] [settingssync] [info] Sync done. Took 317ms
[2022-06-02 10:49:17.609] [settingssync] [info] Auto Sync: Triggered by Activity
[2022-06-02 10:49:17.807] [settingssync] [info] Settings: No changes found during synchronizing settings.
[2022-06-02 10:49:17.834] [settingssync] [info] Keybindings: No changes found during synchronizing keybindings.
[2022-06-02 10:49:17.862] [settingssync] [info] Snippets: No changes found during synchronizing snippets.
[2022-06-02 10:49:17.882] [settingssync] [info] Tasks: No changes found during synchronizing tasks.
[2022-06-02 10:49:17.897] [settingssync] [info] GlobalState: No changes found during synchronizing ui state.
[2022-06-02 10:49:18.046] [settingssync] [info] Extensions: No changes found during synchronizing extensions.
[2022-06-02 10:49:18.049] [settingssync] [info] Sync done. Took 273ms
[2022-06-02 10:51:00.996] [settingssync] [info] Auto Sync: Triggered by Activity
[2022-06-02 10:51:01.180] [settingssync] [info] Settings: No changes found during synchronizing settings.
[2022-06-02 10:51:01.193] [settingssync] [info] Keybindings: No changes found during synchronizing keybindings.
[2022-06-02 10:51:01.205] [settingssync] [info] Snippets: No changes found during synchronizing snippets.
[2022-06-02 10:51:01.218] [settingssync] [info] Tasks: No changes found during synchronizing tasks.
[2022-06-02 10:51:01.231] [settingssync] [info] GlobalState: No changes found during synchronizing ui state.
[2022-06-02 10:51:01.547] [settingssync] [info] Extensions: No changes found during synchronizing extensions.
[2022-06-02 10:51:01.556] [settingssync] [info] Sync done. Took 387ms
[2022-06-02 10:51:16.059] [settingssync] [info] Auto Sync: Triggered by Activity
[2022-06-02 10:51:16.261] [settingssync] [info] Settings: No changes found during synchronizing settings.
[2022-06-02 10:51:16.277] [settingssync] [info] Keybindings: No changes found during synchronizing keybindings.
[2022-06-02 10:51:16.286] [settingssync] [info] Snippets: No changes found during synchronizing snippets.
[2022-06-02 10:51:16.299] [settingssync] [info] Tasks: No changes found during synchronizing tasks.
[2022-06-02 10:51:16.307] [settingssync] [info] GlobalState: No changes found during synchronizing ui state.
[2022-06-02 10:51:16.506] [settingssync] [info] Extensions: No changes found during synchronizing extensions.
[2022-06-02 10:51:16.513] [settingssync] [info] Sync done. Took 271ms
[2022-06-02 10:52:01.372] [settingssync] [info] Auto Sync: Triggered by Activity
[2022-06-02 10:52:01.553] [settingssync] [info] Settings: No changes found during synchronizing settings.
[2022-06-02 10:52:01.564] [settingssync] [info] Keybindings: No changes found during synchronizing keybindings.
[2022-06-02 10:52:01.572] [settingssync] [info] Snippets: No changes found during synchronizing snippets.
[2022-06-02 10:52:01.579] [settingssync] [info] Tasks: No changes found during synchronizing tasks.
[2022-06-02 10:52:01.591] [settingssync] [info] GlobalState: No changes found during synchronizing ui state.
[2022-06-02 10:52:01.720] [settingssync] [info] Extensions: No changes found during synchronizing extensions.
[2022-06-02 10:52:01.726] [settingssync] [info] Sync done. Took 185ms
[2022-06-02 10:53:50.064] [settingssync] [info] Auto Sync: Triggered by Activity
[2022-06-02 10:53:50.269] [settingssync] [info] Settings: No changes found during synchronizing settings.
[2022-06-02 10:53:50.286] [settingssync] [info] Keybindings: No changes found during synchronizing keybindings.
[2022-06-02 10:53:50.297] [settingssync] [info] Snippets: No changes found during synchronizing snippets.
[2022-06-02 10:53:50.308] [settingssync] [info] Tasks: No changes found during synchronizing tasks.
[2022-06-02 10:53:50.333] [settingssync] [info] GlobalState: No changes found during synchronizing ui state.
[2022-06-02 10:53:50.666] [settingssync] [info] Extensions: No changes found during synchronizing extensions.
[2022-06-02 10:53:50.668] [settingssync] [info] Sync done. Took 427ms
[2022-06-02 10:54:16.181] [settingssync] [info] Auto Sync: Triggered by Activity
[2022-06-02 10:54:16.381] [settingssync] [info] Settings: No changes found during synchronizing settings.
[2022-06-02 10:54:16.392] [settingssync] [info] Keybindings: No changes found during synchronizing keybindings.
[2022-06-02 10:54:16.400] [settingssync] [info] Snippets: No changes found during synchronizing snippets.
[2022-06-02 10:54:16.407] [settingssync] [info] Tasks: No changes found during synchronizing tasks.
[2022-06-02 10:54:16.416] [settingssync] [info] GlobalState: No changes found during synchronizing ui state.
[2022-06-02 10:54:16.557] [settingssync] [info] Extensions: No changes found during synchronizing extensions.
[2022-06-02 10:54:16.560] [settingssync] [info] Sync done. Took 199ms
[2022-06-02 10:54:31.859] [settingssync] [info] Auto Sync: Triggered by Activity
[2022-06-02 10:54:32.059] [settingssync] [info] Settings: No changes found during synchronizing settings.
[2022-06-02 10:54:32.087] [settingssync] [info] Keybindings: No changes found during synchronizing keybindings.
[2022-06-02 10:54:32.098] [settingssync] [info] Snippets: No changes found during synchronizing snippets.
[2022-06-02 10:54:32.110] [settingssync] [info] Tasks: No changes found during synchronizing tasks.
[2022-06-02 10:54:32.140] [settingssync] [info] GlobalState: No changes found during synchronizing ui state.
[2022-06-02 10:54:32.359] [settingssync] [info] Extensions: No changes found during synchronizing extensions.
[2022-06-02 10:54:32.364] [settingssync] [info] Sync done. Took 329ms
[2022-06-02 10:54:52.407] [settingssync] [info] Auto Sync: Triggered by Activity
[2022-06-02 10:54:52.581] [settingssync] [info] Settings: No changes found during synchronizing settings.
[2022-06-02 10:54:52.588] [settingssync] [info] Keybindings: No changes found during synchronizing keybindings.
[2022-06-02 10:54:52.595] [settingssync] [info] Snippets: No changes found during synchronizing snippets.
[2022-06-02 10:54:52.602] [settingssync] [info] Tasks: No changes found during synchronizing tasks.
[2022-06-02 10:54:52.611] [settingssync] [info] GlobalState: No changes found during synchronizing ui state.
[2022-06-02 10:54:52.752] [settingssync] [info] Extensions: No changes found during synchronizing extensions.
[2022-06-02 10:54:52.754] [settingssync] [info] Sync done. Took 181ms
[2022-06-02 10:56:43.843] [settingssync] [info] Auto Sync: Triggered by Activity
[2022-06-02 10:56:44.045] [settingssync] [info] Settings: No changes found during synchronizing settings.
[2022-06-02 10:56:44.069] [settingssync] [info] Keybindings: No changes found during synchronizing keybindings.
[2022-06-02 10:56:44.085] [settingssync] [info] Snippets: No changes found during synchronizing snippets.
[2022-06-02 10:56:44.099] [settingssync] [info] Tasks: No changes found during synchronizing tasks.
[2022-06-02 10:56:44.116] [settingssync] [info] GlobalState: No changes found during synchronizing ui state.
[2022-06-02 10:56:44.358] [settingssync] [info] Extensions: No changes found during synchronizing extensions.
[2022-06-02 10:56:44.360] [settingssync] [info] Sync done. Took 343ms
[2022-06-02 10:57:15.536] [settingssync] [info] Auto Sync: Triggered by Activity
[2022-06-02 10:57:15.768] [settingssync] [info] Settings: No changes found during synchronizing settings.
[2022-06-02 10:57:15.783] [settingssync] [info] Keybindings: No changes found during synchronizing keybindings.
[2022-06-02 10:57:15.795] [settingssync] [info] Snippets: No changes found during synchronizing snippets.
[2022-06-02 10:57:15.802] [settingssync] [info] Tasks: No changes found during synchronizing tasks.
[2022-06-02 10:57:15.815] [settingssync] [info] GlobalState: No changes found during synchronizing ui state.
[2022-06-02 10:57:16.034] [settingssync] [info] Extensions: No changes found during synchronizing extensions.
[2022-06-02 10:57:16.036] [settingssync] [info] Sync done. Took 299ms
[2022-06-02 10:57:55.245] [settingssync] [info] Auto Sync: Triggered by Activity
[2022-06-02 10:57:55.465] [settingssync] [info] Settings: No changes found during synchronizing settings.
[2022-06-02 10:57:55.500] [settingssync] [info] Keybindings: No changes found during synchronizing keybindings.
[2022-06-02 10:57:55.518] [settingssync] [info] Snippets: No changes found during synchronizing snippets.
[2022-06-02 10:57:55.531] [settingssync] [info] Tasks: No changes found during synchronizing tasks.
[2022-06-02 10:57:55.544] [settingssync] [info] GlobalState: No changes found during synchronizing ui state.
[2022-06-02 10:57:55.768] [settingssync] [info] Extensions: No changes found during synchronizing extensions.
[2022-06-02 10:57:55.783] [settingssync] [info] Sync done. Took 343ms
[2022-06-02 10:58:14.813] [settingssync] [info] Auto Sync: Triggered by Activity
[2022-06-02 10:58:15.015] [settingssync] [info] Settings: No changes found during synchronizing settings.
[2022-06-02 10:58:15.028] [settingssync] [info] Keybindings: No changes found during synchronizing keybindings.
[2022-06-02 10:58:15.041] [settingssync] [info] Snippets: No changes found during synchronizing snippets.
[2022-06-02 10:58:15.049] [settingssync] [info] Tasks: No changes found during synchronizing tasks.
[2022-06-02 10:58:15.060] [settingssync] [info] GlobalState: No changes found during synchronizing ui state.
[2022-06-02 10:58:15.234] [settingssync] [info] Extensions: No changes found during synchronizing extensions.
[2022-06-02 10:58:15.238] [settingssync] [info] Sync done. Took 257ms
[2022-06-02 10:58:36.200] [settingssync] [info] Auto Sync: Triggered by Activity
[2022-06-02 10:58:36.387] [settingssync] [info] Settings: No changes found during synchronizing settings.
[2022-06-02 10:58:36.400] [settingssync] [info] Keybindings: No changes found during synchronizing keybindings.
[2022-06-02 10:58:36.411] [settingssync] [info] Snippets: No changes found during synchronizing snippets.
[2022-06-02 10:58:36.422] [settingssync] [info] Tasks: No changes found during synchronizing tasks.
[2022-06-02 10:58:36.435] [settingssync] [info] GlobalState: No changes found during synchronizing ui state.
[2022-06-02 10:58:36.651] [settingssync] [info] Extensions: No changes found during synchronizing extensions.
[2022-06-02 10:58:36.654] [settingssync] [info] Sync done. Took 277ms
[2022-06-02 10:59:17.841] [settingssync] [info] Auto Sync: Triggered by Activity
[2022-06-02 10:59:18.068] [settingssync] [info] Settings: No changes found during synchronizing settings.
[2022-06-02 10:59:18.090] [settingssync] [info] Keybindings: No changes found during synchronizing keybindings.
[2022-06-02 10:59:18.100] [settingssync] [info] Snippets: No changes found during synchronizing snippets.
[2022-06-02 10:59:18.107] [settingssync] [info] Tasks: No changes found during synchronizing tasks.
[2022-06-02 10:59:18.116] [settingssync] [info] GlobalState: No changes found during synchronizing ui state.
[2022-06-02 10:59:18.255] [settingssync] [info] Extensions: No changes found during synchronizing extensions.
[2022-06-02 10:59:18.258] [settingssync] [info] Sync done. Took 227ms
[2022-06-02 11:01:11.884] [settingssync] [info] Auto Sync: Triggered by Activity
[2022-06-02 11:01:12.084] [settingssync] [info] Settings: No changes found during synchronizing settings.
[2022-06-02 11:01:12.098] [settingssync] [info] Keybindings: No changes found during synchronizing keybindings.
[2022-06-02 11:01:12.108] [settingssync] [info] Snippets: No changes found during synchronizing snippets.
[2022-06-02 11:01:12.120] [settingssync] [info] Tasks: No changes found during synchronizing tasks.
[2022-06-02 11:01:12.129] [settingssync] [info] GlobalState: No changes found during synchronizing ui state.
[2022-06-02 11:01:12.304] [settingssync] [info] Extensions: No changes found during synchronizing extensions.
[2022-06-02 11:01:12.306] [settingssync] [info] Sync done. Took 250ms
[2022-06-02 11:01:52.056] [settingssync] [info] Auto Sync: Triggered by Activity
[2022-06-02 11:01:52.232] [settingssync] [info] Settings: No changes found during synchronizing settings.
[2022-06-02 11:01:52.241] [settingssync] [info] Keybindings: No changes found during synchronizing keybindings.
[2022-06-02 11:01:52.249] [settingssync] [info] Snippets: No changes found during synchronizing snippets.
[2022-06-02 11:01:52.259] [settingssync] [info] Tasks: No changes found during synchronizing tasks.
[2022-06-02 11:01:52.273] [settingssync] [info] GlobalState: No changes found during synchronizing ui state.
[2022-06-02 11:01:52.507] [settingssync] [info] Extensions: No changes found during synchronizing extensions.
[2022-06-02 11:01:52.512] [settingssync] [info] Sync done. Took 290ms
[2022-06-02 11:03:01.559] [settingssync] [info] Auto Sync: Triggered by Activity
[2022-06-02 11:03:01.737] [settingssync] [info] Settings: No changes found during synchronizing settings.
[2022-06-02 11:03:01.759] [settingssync] [info] Keybindings: No changes found during synchronizing keybindings.
[2022-06-02 11:03:01.771] [settingssync] [info] Snippets: No changes found during synchronizing snippets.
[2022-06-02 11:03:01.779] [settingssync] [info] Tasks: No changes found during synchronizing tasks.
[2022-06-02 11:03:01.789] [settingssync] [info] GlobalState: No changes found during synchronizing ui state.
[2022-06-02 11:03:01.944] [settingssync] [info] Extensions: No changes found during synchronizing extensions.
[2022-06-02 11:03:01.947] [settingssync] [info] Sync done. Took 221ms
[2022-06-02 11:03:15.847] [settingssync] [info] Auto Sync: Triggered by Activity
[2022-06-02 11:03:16.525] [settingssync] [info] Settings: No changes found during synchronizing settings.
[2022-06-02 11:03:16.540] [settingssync] [info] Keybindings: No changes found during synchronizing keybindings.
[2022-06-02 11:03:16.550] [settingssync] [info] Snippets: No changes found during synchronizing snippets.
[2022-06-02 11:03:16.558] [settingssync] [info] Tasks: No changes found during synchronizing tasks.
[2022-06-02 11:03:16.571] [settingssync] [info] GlobalState: No changes found during synchronizing ui state.
[2022-06-02 11:03:16.754] [settingssync] [info] Extensions: No changes found during synchronizing extensions.
[2022-06-02 11:03:16.758] [settingssync] [info] Sync done. Took 242ms
[2022-06-02 11:05:55.213] [settingssync] [info] Auto Sync: Triggered by Activity
[2022-06-02 11:05:55.667] [settingssync] [info] Settings: No changes found during synchronizing settings.
[2022-06-02 11:05:55.680] [settingssync] [info] Keybindings: No changes found during synchronizing keybindings.
[2022-06-02 11:05:55.693] [settingssync] [info] Snippets: No changes found during synchronizing snippets.
[2022-06-02 11:05:55.705] [settingssync] [info] Tasks: No changes found during synchronizing tasks.
[2022-06-02 11:05:55.715] [settingssync] [info] GlobalState: No changes found during synchronizing ui state.
[2022-06-02 11:05:55.929] [settingssync] [info] Extensions: No changes found during synchronizing extensions.
[2022-06-02 11:05:55.932] [settingssync] [info] Sync done. Took 286ms
[2022-06-02 11:06:24.577] [settingssync] [info] Auto Sync: Triggered by Activity
[2022-06-02 11:06:24.767] [settingssync] [info] Settings: No changes found during synchronizing settings.
[2022-06-02 11:06:24.777] [settingssync] [info] Keybindings: No changes found during synchronizing keybindings.
[2022-06-02 11:06:24.785] [settingssync] [info] Snippets: No changes found during synchronizing snippets.
[2022-06-02 11:06:24.791] [settingssync] [info] Tasks: No changes found during synchronizing tasks.
[2022-06-02 11:06:24.804] [settingssync] [info] GlobalState: No changes found during synchronizing ui state.
[2022-06-02 11:06:24.957] [settingssync] [info] Extensions: No changes found during synchronizing extensions.
[2022-06-02 11:06:24.965] [settingssync] [info] Sync done. Took 210ms
[2022-06-02 11:06:59.684] [settingssync] [info] Auto Sync: Triggered by Activity
[2022-06-02 11:06:59.879] [settingssync] [info] Settings: No changes found during synchronizing settings.
[2022-06-02 11:06:59.888] [settingssync] [info] Keybindings: No changes found during synchronizing keybindings.
[2022-06-02 11:06:59.905] [settingssync] [info] Snippets: No changes found during synchronizing snippets.
[2022-06-02 11:06:59.912] [settingssync] [info] Tasks: No changes found during synchronizing tasks.
[2022-06-02 11:06:59.923] [settingssync] [info] GlobalState: No changes found during synchronizing ui state.
[2022-06-02 11:07:00.106] [settingssync] [info] Extensions: No changes found during synchronizing extensions.
[2022-06-02 11:07:00.109] [settingssync] [info] Sync done. Took 244ms
[2022-06-02 11:08:11.663] [settingssync] [info] Auto Sync: Triggered by Activity
[2022-06-02 11:08:11.854] [settingssync] [info] Settings: No changes found during synchronizing settings.
[2022-06-02 11:08:11.863] [settingssync] [info] Keybindings: No changes found during synchronizing keybindings.
[2022-06-02 11:08:11.873] [settingssync] [info] Snippets: No changes found during synchronizing snippets.
[2022-06-02 11:08:11.880] [settingssync] [info] Tasks: No changes found during synchronizing tasks.
[2022-06-02 11:08:11.905] [settingssync] [info] GlobalState: No changes found during synchronizing ui state.
[2022-06-02 11:08:12.178] [settingssync] [info] Extensions: No changes found during synchronizing extensions.
[2022-06-02 11:08:12.181] [settingssync] [info] Sync done. Took 339ms
[2022-06-02 11:08:24.622] [settingssync] [info] Auto Sync: Triggered by Activity
[2022-06-02 11:08:24.813] [settingssync] [info] Settings: No changes found during synchronizing settings.
[2022-06-02 11:08:24.832] [settingssync] [info] Keybindings: No changes found during synchronizing keybindings.
[2022-06-02 11:08:24.844] [settingssync] [info] Snippets: No changes found during synchronizing snippets.
[2022-06-02 11:08:24.855] [settingssync] [info] Tasks: No changes found during synchronizing tasks.
[2022-06-02 11:08:24.866] [settingssync] [info] GlobalState: No changes found during synchronizing ui state.
[2022-06-02 11:08:25.116] [settingssync] [info] Extensions: No changes found during synchronizing extensions.
[2022-06-02 11:08:25.120] [settingssync] [info] Sync done. Took 320ms
[2022-06-02 11:08:40.411] [settingssync] [info] Auto Sync: Triggered by Activity
[2022-06-02 11:08:40.605] [settingssync] [info] Settings: No changes found during synchronizing settings.
[2022-06-02 11:08:40.614] [settingssync] [info] Keybindings: No changes found during synchronizing keybindings.
[2022-06-02 11:08:40.621] [settingssync] [info] Snippets: No changes found during synchronizing snippets.
[2022-06-02 11:08:40.628] [settingssync] [info] Tasks: No changes found during synchronizing tasks.
[2022-06-02 11:08:40.636] [settingssync] [info] GlobalState: No changes found during synchronizing ui state.
[2022-06-02 11:08:40.762] [settingssync] [info] Extensions: No changes found during synchronizing extensions.
[2022-06-02 11:08:40.764] [settingssync] [info] Sync done. Took 168ms
[2022-06-02 11:08:56.852] [settingssync] [info] Auto Sync: Triggered by Activity
[2022-06-02 11:08:57.046] [settingssync] [info] Settings: No changes found during synchronizing settings.
[2022-06-02 11:08:57.056] [settingssync] [info] Keybindings: No changes found during synchronizing keybindings.
[2022-06-02 11:08:57.067] [settingssync] [info] Snippets: No changes found during synchronizing snippets.
[2022-06-02 11:08:57.075] [settingssync] [info] Tasks: No changes found during synchronizing tasks.
[2022-06-02 11:08:57.112] [settingssync] [info] GlobalState: No changes found during synchronizing ui state.
[2022-06-02 11:08:57.373] [settingssync] [info] Extensions: No changes found during synchronizing extensions.
[2022-06-02 11:08:57.375] [settingssync] [info] Sync done. Took 341ms
[2022-06-02 11:09:29.304] [settingssync] [info] Auto Sync: Triggered by Activity
[2022-06-02 11:09:29.499] [settingssync] [info] Settings: No changes found during synchronizing settings.
[2022-06-02 11:09:29.514] [settingssync] [info] Keybindings: No changes found during synchronizing keybindings.
[2022-06-02 11:09:29.525] [settingssync] [info] Snippets: No changes found during synchronizing snippets.
[2022-06-02 11:09:29.534] [settingssync] [info] Tasks: No changes found during synchronizing tasks.
[2022-06-02 11:09:29.546] [settingssync] [info] GlobalState: No changes found during synchronizing ui state.
[2022-06-02 11:09:29.840] [settingssync] [info] Extensions: No changes found during synchronizing extensions.
[2022-06-02 11:09:29.844] [settingssync] [info] Sync done. Took 363ms
[2022-06-02 11:09:45.361] [settingssync] [info] Auto Sync: Triggered by Activity
[2022-06-02 11:09:45.574] [settingssync] [info] Settings: No changes found during synchronizing settings.
[2022-06-02 11:09:45.584] [settingssync] [info] Keybindings: No changes found during synchronizing keybindings.
[2022-06-02 11:09:45.593] [settingssync] [info] Snippets: No changes found during synchronizing snippets.
[2022-06-02 11:09:45.602] [settingssync] [info] Tasks: No changes found during synchronizing tasks.
[2022-06-02 11:09:45.613] [settingssync] [info] GlobalState: No changes found during synchronizing ui state.
[2022-06-02 11:09:45.787] [settingssync] [info] Extensions: No changes found during synchronizing extensions.
[2022-06-02 11:09:45.792] [settingssync] [info] Sync done. Took 229ms
[2022-06-02 11:11:10.736] [settingssync] [info] Auto Sync: Triggered by Activity
[2022-06-02 11:11:10.926] [settingssync] [info] Settings: No changes found during synchronizing settings.
[2022-06-02 11:11:10.936] [settingssync] [info] Keybindings: No changes found during synchronizing keybindings.
[2022-06-02 11:11:10.947] [settingssync] [info] Snippets: No changes found during synchronizing snippets.
[2022-06-02 11:11:10.955] [settingssync] [info] Tasks: No changes found during synchronizing tasks.
[2022-06-02 11:11:10.965] [settingssync] [info] GlobalState: No changes found during synchronizing ui state.
[2022-06-02 11:11:11.106] [settingssync] [info] Extensions: No changes found during synchronizing extensions.
[2022-06-02 11:11:11.109] [settingssync] [info] Sync done. Took 192ms
[2022-06-02 11:11:22.373] [settingssync] [info] Auto Sync: Triggered by Activity
[2022-06-02 11:11:22.653] [settingssync] [info] Settings: No changes found during synchronizing settings.
[2022-06-02 11:11:22.661] [settingssync] [info] Keybindings: No changes found during synchronizing keybindings.
[2022-06-02 11:11:22.670] [settingssync] [info] Snippets: No changes found during synchronizing snippets.
[2022-06-02 11:11:22.677] [settingssync] [info] Tasks: No changes found during synchronizing tasks.
[2022-06-02 11:11:22.688] [settingssync] [info] GlobalState: No changes found during synchronizing ui state.
[2022-06-02 11:11:22.999] [settingssync] [info] Extensions: No changes found during synchronizing extensions.
[2022-06-02 11:11:23.001] [settingssync] [info] Sync done. Took 362ms
[2022-06-02 11:14:05.958] [settingssync] [info] Auto Sync: Triggered by Activity
[2022-06-02 11:14:09.694] [settingssync] [info] Settings: No changes found during synchronizing settings.
[2022-06-02 11:14:09.712] [settingssync] [info] Keybindings: No changes found during synchronizing keybindings.
[2022-06-02 11:14:09.722] [settingssync] [info] Snippets: No changes found during synchronizing snippets.
[2022-06-02 11:14:09.730] [settingssync] [info] Tasks: No changes found during synchronizing tasks.
[2022-06-02 11:14:09.740] [settingssync] [info] GlobalState: No changes found during synchronizing ui state.
[2022-06-02 11:14:09.909] [settingssync] [info] Extensions: No changes found during synchronizing extensions.
[2022-06-02 11:14:09.912] [settingssync] [info] Sync done. Took 233ms
[2022-06-02 11:15:28.822] [settingssync] [info] Auto Sync: Triggered by Activity
[2022-06-02 11:15:29.005] [settingssync] [info] Settings: No changes found during synchronizing settings.
[2022-06-02 11:15:29.014] [settingssync] [info] Keybindings: No changes found during synchronizing keybindings.
[2022-06-02 11:15:29.025] [settingssync] [info] Snippets: No changes found during synchronizing snippets.
[2022-06-02 11:15:29.034] [settingssync] [info] Tasks: No changes found during synchronizing tasks.
[2022-06-02 11:15:29.045] [settingssync] [info] GlobalState: No changes found during synchronizing ui state.
[2022-06-02 11:15:29.201] [settingssync] [info] Extensions: No changes found during synchronizing extensions.
[2022-06-02 11:15:29.205] [settingssync] [info] Sync done. Took 212ms
[2022-06-02 11:15:44.690] [settingssync] [info] Auto Sync: Triggered by Activity
[2022-06-02 11:15:47.928] [settingssync] [info] Settings: No changes found during synchronizing settings.
[2022-06-02 11:15:47.939] [settingssync] [info] Keybindings: No changes found during synchronizing keybindings.
[2022-06-02 11:15:47.952] [settingssync] [info] Snippets: No changes found during synchronizing snippets.
[2022-06-02 11:15:47.960] [settingssync] [info] Tasks: No changes found during synchronizing tasks.
[2022-06-02 11:15:47.970] [settingssync] [info] GlobalState: No changes found during synchronizing ui state.
[2022-06-02 11:15:48.138] [settingssync] [info] Extensions: No changes found during synchronizing extensions.
[2022-06-02 11:15:48.141] [settingssync] [info] Sync done. Took 247ms
[2022-06-02 11:16:14.097] [settingssync] [info] Auto Sync: Triggered by Activity
[2022-06-02 11:16:14.287] [settingssync] [info] Settings: No changes found during synchronizing settings.
[2022-06-02 11:16:14.307] [settingssync] [info] Keybindings: No changes found during synchronizing keybindings.
[2022-06-02 11:16:14.316] [settingssync] [info] Snippets: No changes found during synchronizing snippets.
[2022-06-02 11:16:14.324] [settingssync] [info] Tasks: No changes found during synchronizing tasks.
[2022-06-02 11:16:14.334] [settingssync] [info] GlobalState: No changes found during synchronizing ui state.
[2022-06-02 11:16:14.545] [settingssync] [info] Extensions: No changes found during synchronizing extensions.
[2022-06-02 11:16:14.549] [settingssync] [info] Sync done. Took 280ms
[2022-06-02 11:17:11.223] [settingssync] [info] Auto Sync: Triggered by Activity
[2022-06-02 11:17:11.405] [settingssync] [info] Settings: No changes found during synchronizing settings.
[2022-06-02 11:17:11.435] [settingssync] [info] Keybindings: No changes found during synchronizing keybindings.
[2022-06-02 11:17:11.463] [settingssync] [info] Snippets: No changes found during synchronizing snippets.
[2022-06-02 11:17:11.483] [settingssync] [info] Tasks: No changes found during synchronizing tasks.
[2022-06-02 11:17:11.501] [settingssync] [info] GlobalState: No changes found during synchronizing ui state.
[2022-06-02 11:17:11.730] [settingssync] [info] Extensions: No changes found during synchronizing extensions.
[2022-06-02 11:17:11.733] [settingssync] [info] Sync done. Took 343ms
[2022-06-02 11:17:31.865] [settingssync] [info] Auto Sync: Triggered by Activity
[2022-06-02 11:17:32.099] [settingssync] [info] Settings: No changes found during synchronizing settings.
[2022-06-02 11:17:32.112] [settingssync] [info] Keybindings: No changes found during synchronizing keybindings.
[2022-06-02 11:17:32.120] [settingssync] [info] Snippets: No changes found during synchronizing snippets.
[2022-06-02 11:17:32.128] [settingssync] [info] Tasks: No changes found during synchronizing tasks.
[2022-06-02 11:17:32.140] [settingssync] [info] GlobalState: No changes found during synchronizing ui state.
[2022-06-02 11:17:32.302] [settingssync] [info] Extensions: No changes found during synchronizing extensions.
[2022-06-02 11:17:32.305] [settingssync] [info] Sync done. Took 217ms
[2022-06-02 11:17:47.459] [settingssync] [info] Auto Sync: Triggered by Activity
[2022-06-02 11:17:47.652] [settingssync] [info] Settings: No changes found during synchronizing settings.
[2022-06-02 11:17:47.662] [settingssync] [info] Keybindings: No changes found during synchronizing keybindings.
[2022-06-02 11:17:47.674] [settingssync] [info] Snippets: No changes found during synchronizing snippets.
[2022-06-02 11:17:47.683] [settingssync] [info] Tasks: No changes found during synchronizing tasks.
[2022-06-02 11:17:47.696] [settingssync] [info] GlobalState: No changes found during synchronizing ui state.
[2022-06-02 11:17:47.839] [settingssync] [info] Extensions: No changes found during synchronizing extensions.
[2022-06-02 11:17:47.841] [settingssync] [info] Sync done. Took 202ms
[2022-06-02 11:18:15.886] [settingssync] [info] Auto Sync: Triggered by Activity
[2022-06-02 11:18:16.083] [settingssync] [info] Settings: No changes found during synchronizing settings.
[2022-06-02 11:18:16.091] [settingssync] [info] Keybindings: No changes found during synchronizing keybindings.
[2022-06-02 11:18:16.099] [settingssync] [info] Snippets: No changes found during synchronizing snippets.
[2022-06-02 11:18:16.135] [settingssync] [info] Tasks: No changes found during synchronizing tasks.
[2022-06-02 11:18:16.145] [settingssync] [info] GlobalState: No changes found during synchronizing ui state.
[2022-06-02 11:18:16.368] [settingssync] [info] Extensions: No changes found during synchronizing extensions.
[2022-06-02 11:18:16.383] [settingssync] [info] Sync done. Took 305ms
[2022-06-02 11:18:38.909] [settingssync] [info] Auto Sync: Triggered by Activity
[2022-06-02 11:18:39.092] [settingssync] [info] Settings: No changes found during synchronizing settings.
[2022-06-02 11:18:39.114] [settingssync] [info] Keybindings: No changes found during synchronizing keybindings.
[2022-06-02 11:18:39.126] [settingssync] [info] Snippets: No changes found during synchronizing snippets.
[2022-06-02 11:18:39.138] [settingssync] [info] Tasks: No changes found during synchronizing tasks.
[2022-06-02 11:18:39.147] [settingssync] [info] GlobalState: No changes found during synchronizing ui state.
[2022-06-02 11:18:39.399] [settingssync] [info] Extensions: No changes found during synchronizing extensions.
[2022-06-02 11:18:39.404] [settingssync] [info] Sync done. Took 327ms
[2022-06-02 11:21:07.315] [settingssync] [info] Auto Sync: Triggered by Activity
[2022-06-02 11:21:07.807] [settingssync] [info] Settings: No changes found during synchronizing settings.
[2022-06-02 11:21:07.818] [settingssync] [info] Keybindings: No changes found during synchronizing keybindings.
[2022-06-02 11:21:07.828] [settingssync] [info] Snippets: No changes found during synchronizing snippets.
[2022-06-02 11:21:07.836] [settingssync] [info] Tasks: No changes found during synchronizing tasks.
[2022-06-02 11:21:07.846] [settingssync] [info] GlobalState: No changes found during synchronizing ui state.
[2022-06-02 11:21:08.075] [settingssync] [info] Extensions: No changes found during synchronizing extensions.
[2022-06-02 11:21:08.079] [settingssync] [info] Sync done. Took 284ms
[2022-06-02 11:21:25.396] [settingssync] [info] Auto Sync: Triggered by Activity
[2022-06-02 11:21:25.580] [settingssync] [info] Settings: No changes found during synchronizing settings.
[2022-06-02 11:21:25.593] [settingssync] [info] Keybindings: No changes found during synchronizing keybindings.
[2022-06-02 11:21:25.608] [settingssync] [info] Snippets: No changes found during synchronizing snippets.
[2022-06-02 11:21:25.618] [settingssync] [info] Tasks: No changes found during synchronizing tasks.
[2022-06-02 11:21:25.628] [settingssync] [info] GlobalState: No changes found during synchronizing ui state.
[2022-06-02 11:21:25.769] [settingssync] [info] Extensions: No changes found during synchronizing extensions.
[2022-06-02 11:21:25.787] [settingssync] [info] Sync done. Took 217ms
[2022-06-02 11:22:13.629] [settingssync] [info] Auto Sync: Triggered by Activity
[2022-06-02 11:22:13.844] [settingssync] [info] Settings: No changes found during synchronizing settings.
[2022-06-02 11:22:13.857] [settingssync] [info] Keybindings: No changes found during synchronizing keybindings.
[2022-06-02 11:22:13.873] [settingssync] [info] Snippets: No changes found during synchronizing snippets.
[2022-06-02 11:22:13.886] [settingssync] [info] Tasks: No changes found during synchronizing tasks.
[2022-06-02 11:22:13.898] [settingssync] [info] GlobalState: No changes found during synchronizing ui state.
[2022-06-02 11:22:14.158] [settingssync] [info] Extensions: No changes found during synchronizing extensions.
[2022-06-02 11:22:14.163] [settingssync] [info] Sync done. Took 361ms
[2022-06-02 11:22:35.481] [settingssync] [info] Auto Sync: Triggered by Activity
[2022-06-02 11:22:35.700] [settingssync] [info] Settings: No changes found during synchronizing settings.
[2022-06-02 11:22:35.719] [settingssync] [info] Keybindings: No changes found during synchronizing keybindings.
[2022-06-02 11:22:35.729] [settingssync] [info] Snippets: No changes found during synchronizing snippets.
[2022-06-02 11:22:35.738] [settingssync] [info] Tasks: No changes found during synchronizing tasks.
[2022-06-02 11:22:35.746] [settingssync] [info] GlobalState: No changes found during synchronizing ui state.
[2022-06-02 11:22:35.879] [settingssync] [info] Extensions: No changes found during synchronizing extensions.
[2022-06-02 11:22:35.881] [settingssync] [info] Sync done. Took 230ms
[2022-06-02 11:22:49.756] [settingssync] [info] Auto Sync: Triggered by Activity
[2022-06-02 11:22:50.001] [settingssync] [info] Settings: No changes found during synchronizing settings.
[2022-06-02 11:22:50.028] [settingssync] [info] Keybindings: No changes found during synchronizing keybindings.
[2022-06-02 11:22:50.050] [settingssync] [info] Snippets: No changes found during synchronizing snippets.
[2022-06-02 11:22:50.068] [settingssync] [info] Tasks: No changes found during synchronizing tasks.
[2022-06-02 11:22:50.083] [settingssync] [info] GlobalState: No changes found during synchronizing ui state.
[2022-06-02 11:22:50.279] [settingssync] [info] Extensions: No changes found during synchronizing extensions.
[2022-06-02 11:22:50.282] [settingssync] [info] Sync done. Took 304ms
[2022-06-02 11:24:16.891] [settingssync] [info] Auto Sync: Triggered by Activity
[2022-06-02 11:25:55.284] [settingssync] [info] Request failed https://vscode-sync.trafficmanager.net/v1/manifest
[2022-06-02 11:25:55.286] [settingssync] [error] RequestFailed (UserDataSyncError) syncResource:unknown operationId:unknown: Connection refused for the request 'https://vscode-sync.trafficmanager.net/v1/manifest'.
    at h.request (vscode-file://vscode-app/opt/visual-studio-code/resources/app/out/vs/code/electron-browser/sharedProcess/sharedProcessMain.js:76:195984)
    at async h.manifest (vscode-file://vscode-app/opt/visual-studio-code/resources/app/out/vs/code/electron-browser/sharedProcess/sharedProcessMain.js:76:193701)
    at async createSyncTask (vscode-file://vscode-app/opt/visual-studio-code/resources/app/out/vs/code/electron-browser/sharedProcess/sharedProcessMain.js:76:160943)
    at async c.doSync (vscode-file://vscode-app/opt/visual-studio-code/resources/app/out/vs/code/electron-browser/sharedProcess/sharedProcessMain.js:76:157436)
[2022-06-02 11:25:55.287] [settingssync] [error] RequestFailed (UserDataSyncError) syncResource:unknown operationId:unknown: Connection refused for the request 'https://vscode-sync.trafficmanager.net/v1/manifest'.
    at h.request (vscode-file://vscode-app/opt/visual-studio-code/resources/app/out/vs/code/electron-browser/sharedProcess/sharedProcessMain.js:76:195984)
    at async h.manifest (vscode-file://vscode-app/opt/visual-studio-code/resources/app/out/vs/code/electron-browser/sharedProcess/sharedProcessMain.js:76:193701)
    at async createSyncTask (vscode-file://vscode-app/opt/visual-studio-code/resources/app/out/vs/code/electron-browser/sharedProcess/sharedProcessMain.js:76:160943)
    at async c.doSync (vscode-file://vscode-app/opt/visual-studio-code/resources/app/out/vs/code/electron-browser/sharedProcess/sharedProcessMain.js:76:157436)
[2022-06-02 11:25:55.293] [settingssync] [info] Auto Sync: Triggered by Activity
[2022-06-02 11:25:57.048] [settingssync] [info] Settings: No changes found during synchronizing settings.
[2022-06-02 11:25:57.058] [settingssync] [info] Keybindings: No changes found during synchronizing keybindings.
[2022-06-02 11:25:57.067] [settingssync] [info] Snippets: No changes found during synchronizing snippets.
[2022-06-02 11:25:57.084] [settingssync] [info] Tasks: No changes found during synchronizing tasks.
[2022-06-02 11:25:57.093] [settingssync] [info] GlobalState: No changes found during synchronizing ui state.
[2022-06-02 11:25:57.319] [settingssync] [info] Extensions: No changes found during synchronizing extensions.
[2022-06-02 11:25:57.322] [settingssync] [info] Sync done. Took 283ms
[2022-06-02 11:26:37.749] [settingssync] [info] Auto Sync: Triggered by Activity
[2022-06-02 11:30:37.938] [settingssync] [info] Request failed https://vscode-sync.trafficmanager.net/v1/manifest
[2022-06-02 11:30:37.938] [settingssync] [error] RequestFailed (UserDataSyncError) syncResource:unknown operationId:unknown: Connection refused for the request 'https://vscode-sync.trafficmanager.net/v1/manifest'.
    at h.request (vscode-file://vscode-app/opt/visual-studio-code/resources/app/out/vs/code/electron-browser/sharedProcess/sharedProcessMain.js:76:195984)
    at async h.manifest (vscode-file://vscode-app/opt/visual-studio-code/resources/app/out/vs/code/electron-browser/sharedProcess/sharedProcessMain.js:76:193701)
    at async createSyncTask (vscode-file://vscode-app/opt/visual-studio-code/resources/app/out/vs/code/electron-browser/sharedProcess/sharedProcessMain.js:76:160943)
    at async c.doSync (vscode-file://vscode-app/opt/visual-studio-code/resources/app/out/vs/code/electron-browser/sharedProcess/sharedProcessMain.js:76:157436)
[2022-06-02 11:30:37.940] [settingssync] [error] RequestFailed (UserDataSyncError) syncResource:unknown operationId:unknown: Connection refused for the request 'https://vscode-sync.trafficmanager.net/v1/manifest'.
    at h.request (vscode-file://vscode-app/opt/visual-studio-code/resources/app/out/vs/code/electron-browser/sharedProcess/sharedProcessMain.js:76:195984)
    at async h.manifest (vscode-file://vscode-app/opt/visual-studio-code/resources/app/out/vs/code/electron-browser/sharedProcess/sharedProcessMain.js:76:193701)
    at async createSyncTask (vscode-file://vscode-app/opt/visual-studio-code/resources/app/out/vs/code/electron-browser/sharedProcess/sharedProcessMain.js:76:160943)
    at async c.doSync (vscode-file://vscode-app/opt/visual-studio-code/resources/app/out/vs/code/electron-browser/sharedProcess/sharedProcessMain.js:76:157436)
[2022-06-02 11:30:37.940] [settingssync] [info] Auto Sync: Triggered by Activity
[2022-06-02 11:31:31.001] [settingssync] [info] Settings: No changes found during synchronizing settings.
[2022-06-02 11:31:31.024] [settingssync] [info] Keybindings: No changes found during synchronizing keybindings.
[2022-06-02 11:31:31.037] [settingssync] [info] Snippets: No changes found during synchronizing snippets.
[2022-06-02 11:31:31.045] [settingssync] [info] Tasks: No changes found during synchronizing tasks.
[2022-06-02 11:31:31.054] [settingssync] [info] GlobalState: No changes found during synchronizing ui state.
[2022-06-02 11:31:31.239] [settingssync] [info] Extensions: No changes found during synchronizing extensions.
[2022-06-02 11:31:31.248] [settingssync] [info] Sync done. Took 277ms
[2022-06-02 11:31:31.249] [settingssync] [info] Auto Sync: Triggered by Activity
[2022-06-02 11:31:31.423] [settingssync] [info] Settings: No changes found during synchronizing settings.
[2022-06-02 11:31:31.435] [settingssync] [info] Keybindings: No changes found during synchronizing keybindings.
[2022-06-02 11:31:31.450] [settingssync] [info] Snippets: No changes found during synchronizing snippets.
[2022-06-02 11:31:31.458] [settingssync] [info] Tasks: No changes found during synchronizing tasks.
[2022-06-02 11:31:31.472] [settingssync] [info] GlobalState: No changes found during synchronizing ui state.
[2022-06-02 11:31:31.685] [settingssync] [info] Extensions: No changes found during synchronizing extensions.
[2022-06-02 11:31:31.689] [settingssync] [info] Sync done. Took 278ms
[2022-06-02 11:31:49.810] [settingssync] [info] Auto Sync: Triggered by Activity
[2022-06-02 11:31:50.006] [settingssync] [info] Settings: No changes found during synchronizing settings.
[2022-06-02 11:31:50.020] [settingssync] [info] Keybindings: No changes found during synchronizing keybindings.
[2022-06-02 11:31:50.027] [settingssync] [info] Snippets: No changes found during synchronizing snippets.
[2022-06-02 11:31:50.041] [settingssync] [info] Tasks: No changes found during synchronizing tasks.
[2022-06-02 11:31:50.060] [settingssync] [info] GlobalState: No changes found during synchronizing ui state.
[2022-06-02 11:31:50.291] [settingssync] [info] Extensions: No changes found during synchronizing extensions.
[2022-06-02 11:31:50.293] [settingssync] [info] Sync done. Took 306ms
[2022-06-02 11:32:18.706] [settingssync] [info] Auto Sync: Triggered by Activity
[2022-06-02 11:32:18.895] [settingssync] [info] Settings: No changes found during synchronizing settings.
[2022-06-02 11:32:18.907] [settingssync] [info] Keybindings: No changes found during synchronizing keybindings.
[2022-06-02 11:32:18.918] [settingssync] [info] Snippets: No changes found during synchronizing snippets.
[2022-06-02 11:32:18.929] [settingssync] [info] Tasks: No changes found during synchronizing tasks.
[2022-06-02 11:32:18.938] [settingssync] [info] GlobalState: No changes found during synchronizing ui state.
[2022-06-02 11:32:19.252] [settingssync] [info] Extensions: No changes found during synchronizing extensions.
[2022-06-02 11:32:19.255] [settingssync] [info] Sync done. Took 372ms
[2022-06-02 11:33:44.058] [settingssync] [info] Auto Sync: Triggered by Activity
[2022-06-02 11:33:44.264] [settingssync] [info] Settings: No changes found during synchronizing settings.
[2022-06-02 11:33:44.281] [settingssync] [info] Keybindings: No changes found during synchronizing keybindings.
[2022-06-02 11:33:44.304] [settingssync] [info] Snippets: No changes found during synchronizing snippets.
[2022-06-02 11:33:44.313] [settingssync] [info] Tasks: No changes found during synchronizing tasks.
[2022-06-02 11:33:44.327] [settingssync] [info] GlobalState: No changes found during synchronizing ui state.
[2022-06-02 11:33:44.494] [settingssync] [info] Extensions: No changes found during synchronizing extensions.
[2022-06-02 11:33:44.513] [settingssync] [info] Sync done. Took 260ms
[2022-06-02 11:34:02.716] [settingssync] [info] Auto Sync: Triggered by Activity
[2022-06-02 11:35:03.318] [settingssync] [info] Settings: No changes found during synchronizing settings.
[2022-06-02 11:35:03.332] [settingssync] [info] Keybindings: No changes found during synchronizing keybindings.
[2022-06-02 11:35:03.339] [settingssync] [info] Snippets: No changes found during synchronizing snippets.
[2022-06-02 11:35:03.351] [settingssync] [info] Tasks: No changes found during synchronizing tasks.
[2022-06-02 11:35:03.360] [settingssync] [info] GlobalState: No changes found during synchronizing ui state.
[2022-06-02 11:35:03.590] [settingssync] [info] Extensions: No changes found during synchronizing extensions.
[2022-06-02 11:35:03.598] [settingssync] [info] Sync done. Took 291ms
[2022-06-02 11:35:03.604] [settingssync] [info] Auto Sync: Triggered by Activity
[2022-06-02 11:35:03.830] [settingssync] [info] Settings: No changes found during synchronizing settings.
[2022-06-02 11:35:03.840] [settingssync] [info] Keybindings: No changes found during synchronizing keybindings.
[2022-06-02 11:35:03.852] [settingssync] [info] Snippets: No changes found during synchronizing snippets.
[2022-06-02 11:35:03.859] [settingssync] [info] Tasks: No changes found during synchronizing tasks.
[2022-06-02 11:35:03.868] [settingssync] [info] GlobalState: No changes found during synchronizing ui state.
[2022-06-02 11:35:04.014] [settingssync] [info] Extensions: No changes found during synchronizing extensions.
[2022-06-02 11:35:04.024] [settingssync] [info] Sync done. Took 206ms
[2022-06-02 11:35:45.356] [settingssync] [info] Auto Sync: Triggered by Activity
[2022-06-02 11:35:54.347] [settingssync] [info] Settings: No changes found during synchronizing settings.
[2022-06-02 11:35:54.361] [settingssync] [info] Keybindings: No changes found during synchronizing keybindings.
[2022-06-02 11:35:54.369] [settingssync] [info] Snippets: No changes found during synchronizing snippets.
[2022-06-02 11:35:54.380] [settingssync] [info] Tasks: No changes found during synchronizing tasks.
[2022-06-02 11:35:54.388] [settingssync] [info] GlobalState: No changes found during synchronizing ui state.
[2022-06-02 11:35:54.633] [settingssync] [info] Extensions: No changes found during synchronizing extensions.
[2022-06-02 11:35:54.635] [settingssync] [info] Sync done. Took 294ms
[2022-06-02 11:36:03.063] [settingssync] [info] Auto Sync: Triggered by Activity
[2022-06-02 11:38:45.667] [settingssync] [info] Request failed https://vscode-sync.trafficmanager.net/v1/manifest
[2022-06-02 11:38:45.667] [settingssync] [error] RequestFailed (UserDataSyncError) syncResource:unknown operationId:unknown: Connection refused for the request 'https://vscode-sync.trafficmanager.net/v1/manifest'.
    at h.request (vscode-file://vscode-app/opt/visual-studio-code/resources/app/out/vs/code/electron-browser/sharedProcess/sharedProcessMain.js:76:195984)
    at async h.manifest (vscode-file://vscode-app/opt/visual-studio-code/resources/app/out/vs/code/electron-browser/sharedProcess/sharedProcessMain.js:76:193701)
    at async createSyncTask (vscode-file://vscode-app/opt/visual-studio-code/resources/app/out/vs/code/electron-browser/sharedProcess/sharedProcessMain.js:76:160943)
    at async c.doSync (vscode-file://vscode-app/opt/visual-studio-code/resources/app/out/vs/code/electron-browser/sharedProcess/sharedProcessMain.js:76:157436)
[2022-06-02 11:38:45.667] [settingssync] [error] RequestFailed (UserDataSyncError) syncResource:unknown operationId:unknown: Connection refused for the request 'https://vscode-sync.trafficmanager.net/v1/manifest'.
    at h.request (vscode-file://vscode-app/opt/visual-studio-code/resources/app/out/vs/code/electron-browser/sharedProcess/sharedProcessMain.js:76:195984)
    at async h.manifest (vscode-file://vscode-app/opt/visual-studio-code/resources/app/out/vs/code/electron-browser/sharedProcess/sharedProcessMain.js:76:193701)
    at async createSyncTask (vscode-file://vscode-app/opt/visual-studio-code/resources/app/out/vs/code/electron-browser/sharedProcess/sharedProcessMain.js:76:160943)
    at async c.doSync (vscode-file://vscode-app/opt/visual-studio-code/resources/app/out/vs/code/electron-browser/sharedProcess/sharedProcessMain.js:76:157436)
[2022-06-02 11:38:45.668] [settingssync] [info] Auto Sync: Triggered by Activity
[2022-06-02 11:38:48.619] [settingssync] [info] Settings: No changes found during synchronizing settings.
[2022-06-02 11:38:48.640] [settingssync] [info] Keybindings: No changes found during synchronizing keybindings.
[2022-06-02 11:38:48.650] [settingssync] [info] Snippets: No changes found during synchronizing snippets.
[2022-06-02 11:38:48.670] [settingssync] [info] Tasks: No changes found during synchronizing tasks.
[2022-06-02 11:38:48.686] [settingssync] [info] GlobalState: No changes found during synchronizing ui state.
[2022-06-02 11:38:49.011] [settingssync] [info] Extensions: No changes found during synchronizing extensions.
[2022-06-02 11:38:49.019] [settingssync] [info] Sync done. Took 432ms
[2022-06-02 11:39:13.603] [settingssync] [info] Auto Sync: Triggered by Activity
[2022-06-02 11:39:13.803] [settingssync] [info] Settings: No changes found during synchronizing settings.
[2022-06-02 11:39:13.827] [settingssync] [info] Keybindings: No changes found during synchronizing keybindings.
[2022-06-02 11:39:13.841] [settingssync] [info] Snippets: No changes found during synchronizing snippets.
[2022-06-02 11:39:13.854] [settingssync] [info] Tasks: No changes found during synchronizing tasks.
[2022-06-02 11:39:13.870] [settingssync] [info] GlobalState: No changes found during synchronizing ui state.
[2022-06-02 11:39:14.135] [settingssync] [info] Extensions: No changes found during synchronizing extensions.
[2022-06-02 11:39:14.175] [settingssync] [info] Sync done. Took 383ms
[2022-06-02 11:39:37.574] [settingssync] [info] Auto Sync: Triggered by Activity
[2022-06-02 11:39:37.792] [settingssync] [info] Settings: No changes found during synchronizing settings.
[2022-06-02 11:39:37.956] [settingssync] [info] Keybindings: No changes found during synchronizing keybindings.
[2022-06-02 11:39:38.006] [settingssync] [info] Snippets: No changes found during synchronizing snippets.
[2022-06-02 11:39:38.048] [settingssync] [info] Tasks: No changes found during synchronizing tasks.
[2022-06-02 11:39:38.064] [settingssync] [info] GlobalState: No changes found during synchronizing ui state.
[2022-06-02 11:39:38.428] [settingssync] [info] Extensions: No changes found during synchronizing extensions.
[2022-06-02 11:39:38.432] [settingssync] [info] Sync done. Took 685ms
[2022-06-02 11:40:51.240] [settingssync] [info] Auto Sync: Triggered by Activity
[2022-06-02 11:40:51.447] [settingssync] [info] Settings: No changes found during synchronizing settings.
[2022-06-02 11:40:51.474] [settingssync] [info] Keybindings: No changes found during synchronizing keybindings.
[2022-06-02 11:40:51.499] [settingssync] [info] Snippets: No changes found during synchronizing snippets.
[2022-06-02 11:40:51.512] [settingssync] [info] Tasks: No changes found during synchronizing tasks.
[2022-06-02 11:40:51.521] [settingssync] [info] GlobalState: No changes found during synchronizing ui state.
[2022-06-02 11:40:51.983] [settingssync] [info] Extensions: No changes found during synchronizing extensions.
[2022-06-02 11:40:52.011] [settingssync] [info] Sync done. Took 597ms
[2022-06-02 11:41:32.670] [settingssync] [info] Auto Sync: Triggered by Activity
[2022-06-02 11:45:32.821] [settingssync] [info] Request failed https://vscode-sync.trafficmanager.net/v1/manifest
[2022-06-02 11:45:32.823] [settingssync] [error] RequestFailed (UserDataSyncError) syncResource:unknown operationId:unknown: Connection refused for the request 'https://vscode-sync.trafficmanager.net/v1/manifest'.
    at h.request (vscode-file://vscode-app/opt/visual-studio-code/resources/app/out/vs/code/electron-browser/sharedProcess/sharedProcessMain.js:76:195984)
    at async h.manifest (vscode-file://vscode-app/opt/visual-studio-code/resources/app/out/vs/code/electron-browser/sharedProcess/sharedProcessMain.js:76:193701)
    at async createSyncTask (vscode-file://vscode-app/opt/visual-studio-code/resources/app/out/vs/code/electron-browser/sharedProcess/sharedProcessMain.js:76:160943)
    at async c.doSync (vscode-file://vscode-app/opt/visual-studio-code/resources/app/out/vs/code/electron-browser/sharedProcess/sharedProcessMain.js:76:157436)
[2022-06-02 11:45:32.823] [settingssync] [error] RequestFailed (UserDataSyncError) syncResource:unknown operationId:unknown: Connection refused for the request 'https://vscode-sync.trafficmanager.net/v1/manifest'.
    at h.request (vscode-file://vscode-app/opt/visual-studio-code/resources/app/out/vs/code/electron-browser/sharedProcess/sharedProcessMain.js:76:195984)
    at async h.manifest (vscode-file://vscode-app/opt/visual-studio-code/resources/app/out/vs/code/electron-browser/sharedProcess/sharedProcessMain.js:76:193701)
    at async createSyncTask (vscode-file://vscode-app/opt/visual-studio-code/resources/app/out/vs/code/electron-browser/sharedProcess/sharedProcessMain.js:76:160943)
    at async c.doSync (vscode-file://vscode-app/opt/visual-studio-code/resources/app/out/vs/code/electron-browser/sharedProcess/sharedProcessMain.js:76:157436)
[2022-06-02 11:45:32.823] [settingssync] [info] Auto Sync: Triggered by Activity
[2022-06-02 11:45:33.029] [settingssync] [info] Settings: No changes found during synchronizing settings.
[2022-06-02 11:45:33.045] [settingssync] [info] Keybindings: No changes found during synchronizing keybindings.
[2022-06-02 11:45:33.057] [settingssync] [info] Snippets: No changes found during synchronizing snippets.
[2022-06-02 11:45:33.069] [settingssync] [info] Tasks: No changes found during synchronizing tasks.
[2022-06-02 11:45:33.082] [settingssync] [info] GlobalState: No changes found during synchronizing ui state.
[2022-06-02 11:45:33.303] [settingssync] [info] Extensions: No changes found during synchronizing extensions.
[2022-06-02 11:45:33.324] [settingssync] [info] Sync done. Took 297ms
[2022-06-02 11:45:49.349] [settingssync] [info] Auto Sync: Triggered by Activity
[2022-06-02 11:45:57.954] [settingssync] [info] Settings: No changes found during synchronizing settings.
[2022-06-02 11:45:57.974] [settingssync] [info] Keybindings: No changes found during synchronizing keybindings.
[2022-06-02 11:45:57.990] [settingssync] [info] Snippets: No changes found during synchronizing snippets.
[2022-06-02 11:45:57.996] [settingssync] [info] Tasks: No changes found during synchronizing tasks.
[2022-06-02 11:45:58.018] [settingssync] [info] GlobalState: No changes found during synchronizing ui state.
[2022-06-02 11:45:58.423] [settingssync] [info] Extensions: No changes found during synchronizing extensions.
[2022-06-02 11:45:58.441] [settingssync] [info] Sync done. Took 531ms
