[2022-05-18 21:57:38.869] [main] [info] window#load: attempt to load window (id: 1)
[2022-05-18 21:57:38.906] [main] [info] update#setState idle
[2022-05-18 21:57:39.086] [main] [info] ExtensionHostStarterWorker created
[2022-05-18 21:57:41.821] [main] [info] window#load: window reported ready (id: 1)
[2022-05-18 21:57:43.541] [main] [info] Starting extension host with pid 4546 (fork() took 85 ms).
[2022-05-18 21:57:43.541] [main] [info] ExtensionHostStarterWorker.start() took 174 ms.
[2022-05-18 21:58:08.909] [main] [info] update#setState checking for updates
[2022-05-18 21:58:08.999] [main] [info] update#setState idle
[2022-05-18 22:58:08.991] [main] [info] update#setState checking for updates
[2022-05-18 22:58:09.389] [main] [info] update#setState idle
[2022-05-18 23:58:09.091] [main] [info] update#setState checking for updates
[2022-05-18 23:58:09.474] [main] [info] update#setState available for download
[2022-05-19 00:26:37.370] [main] [info] Extension host with pid 4546 exited with code: null, signal: SIGHUP.
[2022-05-19 00:26:37.420] [main] [error] [uncaught exception in main]: Error: SharedProcess: crashed (detail: killed, code: 15)
[2022-05-19 00:26:37.420] [main] [error] Error: SharedProcess: crashed (detail: killed, code: 15)
    at /opt/visual-studio-code/resources/app/out/vs/code/electron-main/main.js:75:74873
    at h.invoke (/opt/visual-studio-code/resources/app/out/vs/code/electron-main/main.js:16:145)
    at C.deliver (/opt/visual-studio-code/resources/app/out/vs/code/electron-main/main.js:16:2269)
    at m.fire (/opt/visual-studio-code/resources/app/out/vs/code/electron-main/main.js:16:1847)
    at /opt/visual-studio-code/resources/app/out/vs/code/electron-main/main.js:14:29683
    at h.invoke (/opt/visual-studio-code/resources/app/out/vs/code/electron-main/main.js:16:145)
    at C.deliver (/opt/visual-studio-code/resources/app/out/vs/code/electron-main/main.js:16:2269)
    at m.fire (/opt/visual-studio-code/resources/app/out/vs/code/electron-main/main.js:16:1847)
    at EventEmitter.<anonymous> (/opt/visual-studio-code/resources/app/out/vs/code/electron-main/main.js:74:7676)
    at EventEmitter.emit (node:events:402:35)
