[Info  - 12:18:08 AM] BashLanguageServer initializing...
Analyzing files matching glob "**/*@(.sh|.inc|.bash|.command)" inside /home/felix/Tools/zui
Glob resolved with 0 files after 0.016 seconds
Analyzer finished after 0.017 seconds
[Info  - 12:18:09 AM] BashLanguageServer initialized
onDocumentSymbol
onHover 48:0 word="# }"
onHover 53:13 word="{"
onHover 112:19 word="256"
onHover 112:17 word="256"
onDocumentHighlight 112:17 word="256"
onHover 115:35 word="# tput cud $(( ($LINES - $Y) /2 -1 ))"
onDocumentHighlight 112:16 word=null
onDocumentSymbol
onDocumentHighlight 112:16 word=null
onDocumentHighlight 112:17 word=null
onDocumentHighlight 112:18 word=null
onDocumentHighlight 112:17 word="200"
onDocumentSymbol
onHover 115:33 word="# tput cud $(( ($LINES - $Y) /2 -1 ))"
onHover 10:5 word="# 1 - red"
onHover 8:5 word="# use tput to define bg and fg"
onHover 16:11 word=null
onDocumentHighlight 17:15 word="# add 8 to get alt colors"
onHover 17:24 word="# add 8 to get alt colors"
onDocumentHighlight 17:24 word="# add 8 to get alt colors"
onDocumentSymbol
onDocumentSymbol
onCompletion 19:1 word="U"
onDocumentHighlight 19:1 word=null
onCompletionResolve name=UserFeedbackConsole type=1
onCompletionResolve name=UserFeedbackConsole type=1
onDocumentHighlight 19:2 word=null
onDocumentSymbol
onCompletionResolve name=UserFeedbackConsole type=1
onDocumentHighlight 19:1 word=null
onDocumentSymbol
onDocumentSymbol
onDocumentHighlight 17:25 word=null
onDocumentSymbol
onDocumentHighlight 20:0 word="BG"
onDocumentHighlight 21:0 word="FG"
onDocumentSymbol
onDocumentSymbol
onDocumentHighlight 24:3 word=null
onDocumentHighlight 24:4 word=null
onDocumentSymbol
onDocumentHighlight 24:3 word=null
onDocumentSymbol
onDocumentHighlight 24:4 word=null
onDocumentHighlight 24:5 word=null
onDocumentSymbol
onDocumentHighlight 24:6 word=null
onDocumentHighlight 24:7 word=null
onDocumentSymbol
onDocumentSymbol
onDocumentHighlight 25:1 word=null
onCompletion 25:1 word="U"
onCompletionResolve name=UserFeedbackConsole type=1
onDocumentHighlight 25:2 word=null
onDocumentHighlight 25:3 word=null
onDocumentSymbol
onDocumentHighlight 25:4 word=null
onDocumentSymbol
onDocumentHighlight 25:5 word=null
onCompletion 25:5 word="USE_T"
onCompletion 25:6 word="USE_TR"
onDocumentHighlight 25:6 word=null
onDocumentSymbol
onDocumentHighlight 25:7 word=null
onCompletion 25:7 word="USE_TRA"
onDocumentHighlight 25:8 word=null
onCompletion 25:8 word="USE_TRAN"
onCompletion 25:9 word="USE_TRANS"
onDocumentHighlight 25:9 word=null
onDocumentSymbol
onCompletion 25:10 word="USE_TRANS_"
onDocumentHighlight 25:10 word=null
onDocumentSymbol
onCompletion 25:11 word="USE_TRANS_B"
onDocumentHighlight 25:11 word=null
onDocumentHighlight 25:12 word=null
onCompletion 25:12 word="USE_TRANS_BG"
onDocumentSymbol
onDocumentSymbol
onDocumentHighlight 25:14 word=null
onDocumentSymbol
onCompletion 26:1 word="F"
onDocumentHighlight 26:1 word=null
onCompletionResolve name=FG type=3
onDocumentHighlight 26:2 word=null
onDocumentHighlight 26:3 word=null
onDocumentHighlight 26:4 word=null
onDocumentHighlight 26:5 word=null
onDocumentSymbol
onDocumentHighlight 26:6 word=null
onCompletion 26:6 word="FOIREC"
onDocumentHighlight 26:7 word=null
onCompletion 26:7 word="FOIRECE"
onDocumentSymbol
onDocumentHighlight 26:7 word=null
onDocumentHighlight 26:6 word=null
onDocumentHighlight 26:5 word=null
onDocumentHighlight 26:4 word=null
onDocumentHighlight 26:3 word=null
onDocumentSymbol
onDocumentSymbol
onDocumentHighlight 26:1 word=null
onCompletion 26:1 word="F"
onCompletionResolve name=FG type=3
onDocumentSymbol
onDocumentHighlight 26:2 word=null
onDocumentHighlight 26:3 word=null
onDocumentHighlight 26:4 word=null
onDocumentSymbol
onDocumentHighlight 26:3 word=null
onDocumentHighlight 26:4 word=null
onCompletion 26:4 word="FORC"
onDocumentHighlight 26:5 word=null
onCompletion 26:5 word="FORCE"
onDocumentSymbol
onCompletion 26:6 word="FORCE_"
onDocumentHighlight 26:6 word=null
onDocumentSymbol
onCompletion 26:7 word="FORCE_T"
onDocumentHighlight 26:7 word=null
onDocumentSymbol
onCompletion 26:8 word="FORCE_TR"
onDocumentHighlight 26:8 word=null
onDocumentSymbol
onCompletion 26:9 word="FORCE_TRA"
onDocumentHighlight 26:9 word=null
onCompletion 26:10 word="FORCE_TRAN"
onDocumentHighlight 26:10 word=null
onDocumentHighlight 26:11 word=null
onCompletion 26:11 word="FORCE_TRANS"
onDocumentSymbol
onDocumentHighlight 26:12 word=null
onCompletion 26:12 word="FORCE_TRANS_"
onDocumentSymbol
onDocumentHighlight 26:13 word=null
onCompletion 26:13 word="FORCE_TRANS_B"
onCompletion 26:14 word="FORCE_TRANS_BG"
onDocumentHighlight 26:14 word=null
onDocumentSymbol
onDocumentHighlight 26:16 word=null
onDocumentSymbol
onDocumentSymbol
onDocumentSymbol
onCompletion 28:1 word="i"
onDocumentHighlight 28:1 word=null
onCompletionResolve name=i3 type=1
onCompletionResolve name=if type=2
onDocumentHighlight 28:2 word=null
onDocumentSymbol
onCompletion 28:4 word="{"
onCompletion 28:5 word="{"
onDocumentSymbol
onDocumentSymbol
onDocumentSymbol
onCompletion 28:7 word="$"
onCompletionResolve name=BG type=3
onDocumentSymbol
onCompletionResolve name=USE_TRANS_BG type=3
onDocumentHighlight 28:8 word=null
onDocumentHighlight 28:9 word=null
onDocumentHighlight 28:10 word=null
onDocumentSymbol
onCompletionResolve name=FORCE_TRANS_BG type=3
onDocumentHighlight 28:21 word=null
onDocumentSymbol
onDocumentSymbol
onDocumentSymbol
onDocumentHighlight 28:26 word="]]"
onDocumentSymbol
onDocumentSymbol
onDocumentSymbol
onCompletion 28:32 word="t"
onDocumentHighlight 28:32 word=null
onCompletionResolve name=tabs type=1
onCompletionResolve name=theme type=1
onDocumentHighlight 28:33 word=null
onCompletionResolve name=theme type=1
onDocumentHighlight 28:34 word=null
onCompletionResolve name=then type=2
onDocumentHighlight 28:35 word=null
onDocumentSymbol
onDocumentSymbol
onDocumentSymbol
onDocumentSymbol
onCompletion 29:5 word="B"
onDocumentHighlight 29:5 word=null
onCompletionResolve name=BG type=3
onCompletionResolve name=BG type=3
onDocumentHighlight 29:6 word=null
onDocumentSymbol
onDocumentHighlight 29:5 word=null
onDocumentSymbol
onCompletion 29:5 word="B"
onDocumentHighlight 29:5 word=null
onCompletionResolve name=BG type=3
onCompletionResolve name=BG type=3
onDocumentHighlight 29:6 word=null
onDocumentSymbol
onDocumentSymbol
onDocumentHighlight 29:8 word=null
onDocumentHighlight 29:9 word=null
onDocumentHighlight 29:10 word=null
onDocumentSymbol
onDocumentSymbol
onDocumentHighlight 29:10 word=null
onDocumentSymbol
onDocumentSymbol
onDocumentSymbol
onCompletion 30:1 word="f"
onDocumentHighlight 30:1 word=null
onCompletionResolve name=f2fs_io type=1
onCompletionResolve name=fi type=2
onDocumentHighlight 30:2 word=null
onDocumentSymbol
onDocumentSymbol
onDocumentSymbol
onDocumentSymbol
onDocumentHighlight 32:1 word=null
onCompletion 32:1 word="i"
onCompletionResolve name=i3 type=1
onCompletionResolve name=if type=2
onDocumentHighlight 32:2 word=null
onDocumentSymbol
onDocumentSymbol
onDocumentSymbol
onCompletion 32:7 word="$"
onCompletionResolve name=BG type=3
onDocumentSymbol
onCompletionResolve name=USE_TRANS_BG type=3
onDocumentHighlight 32:8 word=null
onDocumentSymbol
onDocumentHighlight 32:9 word=null
onDocumentHighlight 32:10 word=null
onDocumentHighlight 32:11 word=null
onDocumentSymbol
onDocumentHighlight 32:19 word=null
onDocumentSymbol
onDocumentSymbol
onDocumentHighlight 32:24 word=null
onDocumentSymbol
onDocumentHighlight 32:30 word=null
onCompletion 32:30 word="t"
onCompletionResolve name=tabs type=1
onCompletionResolve name=theme type=1
onDocumentHighlight 32:31 word=null
onDocumentHighlight 32:32 word=null
onCompletionResolve name=then type=2
onDocumentHighlight 32:33 word=null
onDocumentSymbol
onDocumentSymbol
onDocumentSymbol
onCompletion 33:5 word="f"
onDocumentHighlight 33:5 word=null
onCompletionResolve name=f2fs_io type=1
onCompletionResolve name=fogcoord type=1
onDocumentHighlight 33:6 word=null
onCompletionResolve name=for type=2
onDocumentHighlight 33:7 word=null
onDocumentSymbol
onDocumentSymbol
onDocumentSymbol
onDocumentSymbol
onDocumentHighlight 33:11 word=")"
onDocumentSymbol
onDocumentHighlight 33:13 word=")"
onDocumentSymbol
onDocumentSymbol
onDocumentHighlight 33:16 word=")"
onDocumentSymbol
onDocumentSymbol
onCompletion 33:20 word="$"
onCompletionResolve name=BG type=3
onDocumentSymbol
onDocumentSymbol
onDocumentHighlight 33:22 word=")"
onDocumentHighlight 33:23 word=")"
onDocumentHighlight 33:24 word=")"
onDocumentHighlight 33:25 word=")"
onDocumentSymbol
onDocumentSymbol
onDocumentSymbol
onDocumentSymbol
onDocumentHighlight 33:25 word=")"
onDocumentHighlight 33:25 word=";"
onDocumentSymbol
onDocumentHighlight 33:20 word="COLS"
onDocumentSymbol
onDocumentHighlight 33:27 word=null
onDocumentSymbol
onDocumentSymbol
onDocumentSymbol
onDocumentHighlight 33:35 word=null
onCompletion 33:35 word="d"
onCompletionResolve name=date type=1
onCompletionResolve name=do type=2
onDocumentHighlight 33:36 word=null
onDocumentSymbol
onDocumentSymbol
onDocumentSymbol
onDocumentSymbol
onCompletion 34:9 word="f"
onDocumentHighlight 34:9 word=null
onCompletionResolve name=f2fs_io type=1
onCompletionResolve name=fogcoord type=1
onDocumentHighlight 34:10 word=null
onCompletionResolve name=for type=2
onDocumentHighlight 34:11 word=null
onDocumentSymbol
onDocumentHighlight 33:12 word="x=0"
onDocumentHighlight 33:13 word=";"
onDocumentHighlight 33:15 word="x"
onDocumentHighlight 33:16 word=null
onDocumentHighlight 33:20 word="COLS"
onDocumentHighlight 33:21 word="COLS"
onDocumentHighlight 33:22 word="COLS"
onDocumentHighlight 33:23 word="COLS"
onDocumentHighlight 33:24 word=";"
onDocumentHighlight 33:23 word=";"
onDocumentHighlight 33:22 word=";"
onDocumentHighlight 33:21 word=";"
onDocumentHighlight 33:21 word=";"
onDocumentHighlight 33:22 word=";"
onDocumentHighlight 33:23 word=";"
onDocumentSymbol
onDocumentHighlight 33:22 word=";"
onDocumentSymbol
onDocumentHighlight 33:23 word=";"
onDocumentHighlight 33:24 word=";"
onDocumentHighlight 33:25 word=";"
onDocumentSymbol
onDocumentSymbol
onDocumentHighlight 34:15 word=")"
onDocumentSymbol
onDocumentSymbol
onDocumentHighlight 34:16 word=")"
onDocumentSymbol
onDocumentHighlight 34:16 word=")"
onDocumentHighlight 34:16 word=")"
onDocumentSymbol
onDocumentHighlight 34:16 word=")"
onDocumentSymbol
onDocumentHighlight 34:18 word=")"
onDocumentSymbol
onDocumentHighlight 34:21 word=")"
onDocumentSymbol
onDocumentSymbol
onDocumentHighlight 34:21 word=")"
onDocumentSymbol
onDocumentSymbol
onCompletion 34:25 word="$"
onCompletionResolve name=BG type=3
onDocumentSymbol
onDocumentHighlight 34:26 word=")"
onDocumentSymbol
onDocumentHighlight 34:27 word=")"
onDocumentHighlight 34:28 word=")"
onDocumentHighlight 34:29 word=")"
onDocumentSymbol
onDocumentSymbol
onDocumentHighlight 34:29 word=")"
onDocumentSymbol
onDocumentSymbol
onDocumentHighlight 34:32 word="))"
onDocumentSymbol
onDocumentSymbol
onDocumentHighlight 32:33 word=null
onDocumentHighlight 33:28 word="x++"
onDocumentHighlight 33:27 word="x++"
onDocumentHighlight 33:28 word="x++"
onDocumentSymbol
onDocumentHighlight 33:28 word="y++"
onDocumentSymbol
onDocumentHighlight 33:20 word="LINES"
onDocumentHighlight 33:16 word=null
onDocumentHighlight 33:16 word=null
onDocumentSymbol
onDocumentHighlight 33:12 word="x=0"
onDocumentHighlight 33:11 word="x=0"
onDocumentHighlight 33:11 word="y=0"
onDocumentSymbol
onDocumentHighlight 34:11 word=null
onCompletion 34:39 word="d"
onDocumentHighlight 34:39 word=null
onCompletionResolve name=date type=1
onCompletionResolve name=do type=2
onDocumentHighlight 34:40 word=null
onDocumentSymbol
onDocumentSymbol
onDocumentSymbol
onCompletion 35:13 word="e"
onDocumentHighlight 35:13 word=null
onCompletionResolve name=e2freefrag type=1
onDocumentSymbol
onCompletionResolve name=echo type=0
onDocumentHighlight 35:14 word=null
onDocumentHighlight 35:15 word=null
onDocumentHighlight 35:16 word=null
onDocumentSymbol
onDocumentSymbol
onDocumentSymbol
onDocumentSymbol
onDocumentSymbol
onDocumentHighlight 36:9 word=null
onCompletion 36:9 word="d"
onCompletionResolve name=date type=1
onCompletionResolve name=do type=2
onDocumentHighlight 36:10 word=null
onCompletionResolve name=done type=2
onDocumentHighlight 36:11 word=null
onDocumentHighlight 36:12 word=null
onDocumentSymbol
onDocumentSymbol
onDocumentSymbol
onDocumentSymbol
onDocumentHighlight 37:5 word=null
onCompletion 37:5 word="d"
onCompletionResolve name=date type=1
onCompletionResolve name=do type=2
onDocumentHighlight 37:6 word=null
onCompletionResolve name=done type=2
onDocumentHighlight 37:7 word=null
onDocumentHighlight 37:8 word=null
onDocumentSymbol
onDocumentSymbol
onDocumentSymbol
onDocumentSymbol
onDocumentSymbol
onDocumentHighlight 38:5 word=null
onCompletion 38:5 word="t"
onCompletionResolve name=tabs type=1
onCompletionResolve name=tput type=1
onDocumentHighlight 38:6 word=null
onDocumentHighlight 38:7 word=null
onDocumentHighlight 38:8 word=null
onDocumentSymbol
onCompletion 38:10 word="s"
onDocumentHighlight 38:10 word=null
onCompletionResolve name=samplers type=1
onCompletionResolve name=sg type=1
onDocumentHighlight 38:11 word=null
onCompletionResolve name=sddm-greeter type=1
onDocumentHighlight 38:12 word=null
onDocumentSymbol
onDocumentHighlight 38:13 word=null
onDocumentSymbol
onDocumentSymbol
onDocumentSymbol
onCompletion 39:1 word="f"
onDocumentHighlight 39:1 word=null
onCompletionResolve name=f2fs_io type=1
onCompletionResolve name=fi type=2
onDocumentHighlight 39:2 word=null
onDocumentSymbol
onDocumentHighlight 39:1 word="fi"
onDocumentHighlight 32:0 word="if"
onDocumentSymbol
onDocumentSymbol
onCompletion 33:5 word="t"
onDocumentHighlight 33:5 word=null
onCompletionResolve name=tabs type=1
onCompletionResolve name=tput type=1
onDocumentHighlight 33:6 word=null
onDocumentHighlight 33:7 word=null
onDocumentHighlight 33:8 word=null
onDocumentSymbol
onDocumentHighlight 33:10 word=null
onCompletion 33:10 word="b"
onCompletionResolve name=b2sum type=1
onCompletionResolve name=bg type=0
onDocumentHighlight 33:11 word=null
onDocumentSymbol
onDocumentHighlight 33:11 word=null
onDocumentHighlight 33:10 word=null
onDocumentSymbol
onDocumentSymbol
onCompletion 33:10 word="s"
onDocumentHighlight 33:10 word=null
onCompletionResolve name=samplers type=1
onCompletionResolve name=secret-tool type=1
onDocumentHighlight 33:11 word=null
onCompletionResolve name=set type=0
onDocumentHighlight 33:12 word=null
onDocumentSymbol
onCompletionResolve name=setxkbmap type=1
onDocumentHighlight 33:13 word=null
onCompletionResolve name=setvtrgb type=1
onDocumentHighlight 33:14 word=null
onDocumentSymbol
onDocumentHighlight 33:14 word=null
onDocumentHighlight 33:13 word=null
onDocumentHighlight 33:12 word=null
onDocumentSymbol
onCompletion 33:13 word="seta"
onDocumentHighlight 33:13 word=null
onCompletionResolve name=setarch type=1
onDocumentHighlight 33:14 word=null
onDocumentSymbol
onDocumentSymbol
onDocumentHighlight 33:16 word=null
onDocumentHighlight 33:17 word=null
onDocumentHighlight 33:18 word=null
onDocumentSymbol
onDocumentHighlight 33:17 word="256"
onDocumentHighlight 32:17 word="USE_TRANS_BG"
onDocumentHighlight 30:1 word="fi"
onDocumentHighlight 29:9 word="256"
onDocumentHighlight 28:17 word="FORCE_TRANS_BG"
onDocumentSymbol
onDocumentSymbol
onDocumentSymbol
onDocumentSymbol
onDocumentSymbol
onDocumentHighlight 66:1 word="fi"
onDocumentSymbol
onDocumentHighlight 66:0 word="fi"
onDocumentHighlight 58:0 word="if"
onDocumentHighlight 56:0 word="fi"
onDocumentHighlight 54:0 word="if"
onDocumentHighlight 140:10 word=null
onDocumentHighlight 140:9 word="# sleep 60"
onDocumentHighlight 140:9 word="# sleep 60"
onDocumentHighlight 140:10 word=null
onDocumentSymbol
onDocumentSymbol
onDocumentSymbol
onDocumentHighlight 130:0 word="render_border"
onDocumentSymbol
onDocumentSymbol
onCompletion 130:1 word="r"
onDocumentHighlight 130:1 word=null
onCompletionResolve name=ranger type=1
onCompletionResolve name=read type=0
onDocumentHighlight 130:2 word=null
onCompletionResolve name=refer type=1
onDocumentHighlight 130:3 word=null
onCompletionResolve name=refresh type=1
onDocumentHighlight 130:4 word=null
onCompletionResolve name=refresh type=1
onDocumentHighlight 130:5 word=null
onDocumentHighlight 130:6 word=null
onDocumentSymbol
onDocumentHighlight 130:7 word=null
onDocumentSymbol
onDocumentHighlight 130:7 word=null
onDocumentSymbol
onDocumentSymbol
onCompletion 130:11 word="{"
onDocumentSymbol
onDocumentSymbol
onDocumentSymbol
onDocumentSymbol
onDocumentSymbol
onDocumentSymbol
onDocumentSymbol
onDocumentSymbol
onDocumentHighlight 127:5 word=null
onCompletion 127:5 word="r"
onCompletionResolve name=ranger type=1
onCompletionResolve name=read type=0
onDocumentHighlight 127:6 word=null
onCompletionResolve name=rename type=1
onDocumentHighlight 127:7 word=null
onCompletionResolve name=render_border type=3
onDocumentHighlight 127:8 word=null
onDocumentHighlight 127:9 word=null
onDocumentHighlight 127:10 word=null
onDocumentHighlight 127:11 word=null
onDocumentSymbol
onDocumentHighlight 127:17 word=null
onDocumentSymbol
onDocumentSymbol
onCompletion 128:5 word="s"
onDocumentHighlight 128:5 word=null
onCompletionResolve name=samplers type=1
onCompletionResolve name=slabtop type=1
onDocumentHighlight 128:6 word=null
onCompletionResolve name=sleep type=1
onDocumentHighlight 128:7 word=null
onCompletionResolve name=sleep type=1
onDocumentHighlight 128:8 word=null
onCompletionResolve name=sleep type=1
onDocumentHighlight 128:9 word=null
onDocumentSymbol
onDocumentHighlight 128:11 word=null
onDocumentHighlight 128:12 word=null
onDocumentSymbol
onDocumentHighlight 131:0 word="refresh"
onDocumentSymbol
onDocumentHighlight 132:5 word=null
onCompletion 132:5 word="i"
onCompletionResolve name=i3 type=1
onCompletionResolve name=if type=2
onDocumentHighlight 132:6 word=null
onDocumentSymbol
onCompletion 132:8 word="{"
onCompletion 132:9 word="{"
onDocumentSymbol
onDocumentSymbol
onDocumentSymbol
onDocumentSymbol
onCompletion 132:11 word="$"
onCompletionResolve name=BG type=3
onDocumentSymbol
onCompletionResolve name=COLS type=3
onDocumentHighlight 132:12 word=null
onDocumentHighlight 132:13 word=null
onDocumentHighlight 132:14 word=null
onDocumentSymbol
onDocumentHighlight 132:15 word=null
onDocumentSymbol
onDocumentSymbol
onCompletion 132:20 word="$"
onCompletionResolve name=BG type=3
onDocumentSymbol
onDocumentHighlight 132:22 word=")"
onDocumentHighlight 132:23 word=")"
onDocumentHighlight 132:24 word=")"
onDocumentHighlight 132:25 word=")"
onDocumentSymbol
onDocumentHighlight 132:27 word=")"
onDocumentSymbol
onDocumentHighlight 132:28 word=")"
onDocumentHighlight 132:29 word=")"
onDocumentHighlight 132:30 word=")"
onDocumentSymbol
onDocumentSymbol
onDocumentSymbol
onCompletion 132:36 word="$"
onCompletionResolve name=BG type=3
onDocumentSymbol
onCompletionResolve name=LINES type=3
onDocumentHighlight 132:37 word=null
onDocumentHighlight 132:38 word=null
onDocumentHighlight 132:39 word=null
onDocumentHighlight 132:40 word=null
onDocumentHighlight 132:41 word=null
onDocumentSymbol
onDocumentSymbol
onDocumentSymbol
onCompletion 132:46 word="$"
onCompletionResolve name=BG type=3
onDocumentSymbol
onDocumentHighlight 132:48 word=")"
onDocumentHighlight 132:49 word=")"
onDocumentHighlight 132:50 word=")"
onDocumentHighlight 132:51 word=")"
onDocumentSymbol
onDocumentHighlight 132:53 word=")"
onDocumentHighlight 132:54 word=")"
onDocumentHighlight 132:55 word=")"
onDocumentHighlight 132:56 word=")"
onDocumentHighlight 132:57 word=")"
onDocumentSymbol
onDocumentHighlight 132:64 word=null
onCompletion 132:64 word="t"
onCompletionResolve name=tabs type=1
onCompletionResolve name=theme type=1
onDocumentHighlight 132:65 word=null
onDocumentHighlight 132:66 word=null
onCompletionResolve name=then type=2
onDocumentHighlight 132:67 word=null
onDocumentSymbol
onDocumentSymbol
onDocumentSymbol
onDocumentSymbol
onDocumentHighlight 133:9 word=null
onCompletion 133:9 word="r"
onCompletionResolve name=ranger type=1
onCompletionResolve name=read type=0
onDocumentHighlight 133:10 word=null
onCompletionResolve name=rename type=1
onDocumentHighlight 133:11 word=null
onCompletionResolve name=render_border type=3
onDocumentHighlight 133:12 word=null
onDocumentHighlight 133:13 word=null
onDocumentHighlight 133:14 word=null
onDocumentSymbol
onCompletionResolve name=render_main type=3
onDocumentHighlight 133:19 word=null
onDocumentSymbol
onDocumentSymbol
onDocumentSymbol
onDocumentHighlight 134:5 word=null
onCompletion 134:5 word="f"
onCompletionResolve name=f2fs_io type=1
onCompletionResolve name=fi type=2
onDocumentHighlight 134:6 word=null
onDocumentSymbol
onDocumentHighlight 134:5 word="fi"
onDocumentHighlight 132:5 word="if"
onDocumentHighlight 131:5 word="refresh"
onDocumentSymbol
onCompletion 132:5 word="w"
onDocumentHighlight 132:5 word=null
onCompletionResolve name=w type=1
onCompletionResolve name=what type=1
onDocumentHighlight 132:6 word=null
onCompletionResolve name=which type=1
onDocumentHighlight 132:7 word=null
onCompletionResolve name=while type=2
onDocumentHighlight 132:8 word=null
onDocumentHighlight 132:9 word=null
onDocumentSymbol
onDocumentHighlight 132:11 word=null
onCompletion 132:11 word="t"
onCompletionResolve name=tabs type=1
onCompletionResolve name=tr type=1
onDocumentHighlight 132:12 word=null
onCompletionResolve name=true type=0
onDocumentHighlight 132:13 word=null
onCompletionResolve name=true type=0
onDocumentHighlight 132:14 word=null
onDocumentSymbol
onDocumentSymbol
onDocumentHighlight 132:17 word=null
onCompletion 132:17 word="d"
onCompletionResolve name=date type=1
onCompletionResolve name=do type=2
onDocumentHighlight 132:18 word=null
onDocumentSymbol
onDocumentHighlight 132:17 word="do"
onDocumentSymbol
onDocumentHighlight 135:9 word="fi"
onDocumentSymbol
onDocumentSymbol
onCompletion 136:5 word="d"
onDocumentHighlight 136:5 word=null
onCompletionResolve name=date type=1
onCompletionResolve name=do type=2
onDocumentHighlight 136:6 word=null
onCompletionResolve name=done type=2
onDocumentHighlight 136:7 word=null
onDocumentHighlight 136:8 word=null
onDocumentSymbol
onDocumentHighlight 136:7 word="done"
onDocumentHighlight 139:1 word="render_border"
onDocumentHighlight 139:0 word="sleep"
onDocumentSymbol
onDocumentSymbol
onDocumentHighlight 139:0 word="sleep"
onDocumentSymbol
onDocumentSymbol
onDocumentSymbol
onCompletion 139:1 word="r"
onDocumentHighlight 139:1 word=null
onCompletionResolve name=ranger type=1
onCompletionResolve name=read type=0
onDocumentHighlight 139:2 word=null
onCompletionResolve name=rename type=1
onDocumentHighlight 139:3 word=null
onCompletionResolve name=render_border type=3
onDocumentHighlight 139:4 word=null
onDocumentHighlight 139:5 word=null
onDocumentHighlight 139:6 word=null
onDocumentSymbol
onDocumentHighlight 139:6 word=null
onDocumentSymbol
onDocumentHighlight 139:7 word=null
onCompletion 139:7 word="render_"
onCompletionResolve name=render_border type=3
onDocumentSymbol
onCompletionResolve name=render_main type=3
onDocumentHighlight 139:11 word=null
onDocumentSymbol
onDocumentHighlight 131:0 word="refresh"
onDocumentHighlight 131:0 word="refresh"
onDocumentSymbol
onDocumentSymbol
onDocumentSymbol
onDocumentSymbol
onDocumentSymbol
onDocumentHighlight 134:0 word="render_main"
onDocumentHighlight 140:0 word="render_main"
onDocumentSymbol
onDocumentSymbol
onDocumentHighlight 140:3 word=null
onDocumentHighlight 140:4 word=null
onDocumentHighlight 140:5 word=null
onDocumentSymbol
onDocumentHighlight 140:6 word=null
onDocumentHighlight 140:7 word=null
onDocumentHighlight 140:8 word=null
onDocumentHighlight 140:9 word=null
onDocumentHighlight 140:10 word=null
onDocumentSymbol
onDocumentHighlight 140:9 word=null
onDocumentHighlight 140:8 word=null
onDocumentSymbol
onDocumentHighlight 140:9 word=null
onDocumentSymbol
onDocumentHighlight 140:11 word=null
onDocumentHighlight 140:12 word=null
onDocumentHighlight 140:13 word=null
onDocumentHighlight 140:14 word=null
onDocumentSymbol
onDocumentHighlight 134:0 word="render_main"
onDocumentHighlight 134:0 word="render_main"
onDocumentSymbol
onDocumentSymbol
onDocumentHighlight 136:5 word=null
onCompletion 136:5 word="r"
onCompletionResolve name=ranger type=1
onCompletionResolve name=read type=0
onDocumentHighlight 136:6 word=null
onCompletionResolve name=refer type=1
onDocumentHighlight 136:7 word=null
onCompletionResolve name=refresh type=3
onDocumentHighlight 136:8 word=null
onDocumentHighlight 136:9 word=null
onDocumentHighlight 136:10 word=null
onDocumentHighlight 136:11 word=null
onDocumentSymbol
onDocumentHighlight 136:11 word=null
onDocumentSymbol
onDocumentSymbol
onDocumentSymbol
onDocumentHighlight 135:13 word="render_border"
onDocumentHighlight 131:4 word="done"
onDocumentHighlight 131:5 word="done"
onDocumentHighlight 131:6 word="done"
onDocumentHighlight 131:7 word="done"
onDocumentHighlight 131:8 word=null
onDocumentHighlight 130:8 word="fi"
onDocumentHighlight 130:9 word="fi"
onDocumentHighlight 130:10 word=null
onDocumentSymbol
onCompletion 131:9 word="s"
onDocumentHighlight 131:9 word=null
onCompletionResolve name=samplers type=1
onCompletionResolve name=slabtop type=1
onDocumentHighlight 131:10 word=null
onCompletionResolve name=sleep type=1
onDocumentHighlight 131:11 word=null
onDocumentHighlight 131:12 word=null
onDocumentHighlight 131:13 word=null
onDocumentSymbol
onCompletion 131:15 word="$"
onCompletionResolve name=BG type=3
onDocumentSymbol
onCompletionResolve name=BORDER_RIGHT type=3
onDocumentHighlight 131:16 word=null
onDocumentHighlight 131:17 word=null
onCompletion 131:18 word="REF"
onDocumentHighlight 131:18 word=null
onDocumentHighlight 131:19 word=null
onDocumentHighlight 131:20 word=null
onDocumentHighlight 131:21 word=null
onDocumentHighlight 131:22 word=null
onDocumentSymbol
onDocumentHighlight 131:23 word=null
onDocumentSymbol
onCompletion 131:24 word="REFRESH_R"
onDocumentHighlight 131:24 word=null
onDocumentHighlight 131:25 word=null
onCompletion 131:25 word="REFRESH_RA"
onDocumentHighlight 131:26 word=null
onCompletion 131:26 word="REFRESH_RAT"
onDocumentHighlight 131:27 word=null
onCompletion 131:27 word="REFRESH_RATE"
onDocumentSymbol
onDocumentHighlight 131:27 word=null
onHover 128:10 word=null
onDocumentHighlight 3:0 word="alias"
onDocumentHighlight 4:0 word="alias"
onDocumentHighlight 5:0 word="alias"
onDocumentHighlight 6:0 word="alias"
onDocumentHighlight 20:0 word="BG"
onDocumentHighlight 21:0 word="FG"
onDocumentHighlight 25:0 word="USE_TRANS_BG"
onDocumentHighlight 26:0 word="FORCE_TRANS_BG"
onDocumentHighlight 30:0 word="BORDER_LEFT"
onDocumentHighlight 27:1 word=null
onCompletion 27:1 word="R"
onDocumentHighlight 27:2 word=null
onDocumentHighlight 27:3 word=null
onDocumentHighlight 27:4 word=null
onDocumentHighlight 27:5 word=null
onDocumentHighlight 27:6 word=null
onDocumentSymbol
onDocumentHighlight 27:12 word=null
onDocumentSymbol
onDocumentHighlight 27:14 word=null
onDocumentSymbol
onDocumentHighlight 27:13 word="1"
onDocumentHighlight 143:0 word="render_main"
onHover 131:26 word="REFRESH_RATE"
onDocumentHighlight 131:27 word=null
onDocumentHighlight 129:23 word=null
onDocumentHighlight 129:22 word="render_main"
onDocumentHighlight 129:22 word="render_main"
onDocumentHighlight 128:71 word=null
onDocumentHighlight 128:70 word="then"
onDocumentSymbol
onDocumentSymbol
onDocumentHighlight 129:13 word=null
onCompletion 129:13 word="e"
onCompletionResolve name=e2freefrag type=1
onCompletionResolve name=echo type=0
onDocumentHighlight 129:14 word=null
onDocumentHighlight 129:15 word=null
onDocumentHighlight 129:16 word=null
onDocumentSymbol
onDocumentHighlight 129:19 word=null
onCompletion 129:19 word="-e"
onDocumentSymbol
onDocumentSymbol
onCompletion 129:22 word="$"
onCompletionResolve name=BG type=3
onCompletionResolve name=COLS type=3
onDocumentHighlight 129:23 word="""
onDocumentHighlight 129:24 word="""
onDocumentHighlight 129:25 word="""
onDocumentHighlight 129:26 word="""
onDocumentSymbol
onDocumentHighlight 129:25 word="""
onDocumentHighlight 129:24 word="""
onDocumentSymbol
onDocumentHighlight 129:23 word="""
onDocumentSymbol
onDocumentSymbol
onDocumentHighlight 128:19 word=null
onDocumentHighlight 128:18 word="COLS"
onDocumentHighlight 128:17 word="COLS"
onDocumentHighlight 128:16 word="COLS"
onDocumentHighlight 128:15 word="COLS"
onDocumentHighlight 128:61 word=")"
onDocumentHighlight 130:22 word="render_main"
onDocumentHighlight 130:0 word="sleep"
onDocumentSymbol
onDocumentSymbol
onDocumentHighlight 128:19 word=null
onDocumentHighlight 128:18 word="COLS"
onDocumentHighlight 128:17 word="COLS"
onDocumentHighlight 128:16 word="COLS"
onDocumentHighlight 128:15 word="COLS"
onDocumentHighlight 129:14 word="echo"
onDocumentHighlight 129:15 word="echo"
onDocumentHighlight 129:16 word=null
onDocumentHighlight 129:18 word="-e"
onDocumentHighlight 129:19 word=null
onDocumentSymbol
onDocumentSymbol
onDocumentSymbol
onDocumentSymbol
onCompletion 130:13 word="s"
onDocumentHighlight 130:13 word=null
onCompletionResolve name=samplers type=1
onCompletionResolve name=slabtop type=1
onDocumentHighlight 130:14 word=null
onCompletionResolve name=sleep type=1
onDocumentHighlight 130:15 word=null
onDocumentHighlight 130:16 word=null
onDocumentHighlight 130:17 word=null
onDocumentSymbol
onDocumentHighlight 130:19 word=null
onDocumentSymbol
onDocumentHighlight 130:18 word="5"
onHover 119:21 word="BORDER_BR"
onHover 128:17 word="COLS"
onHover 129:16 word=null
onHover 129:14 word="echo"
onHover 128:14 word="$"
onHover 129:28 word=null
onHover 128:23 word="$("
onHover 128:24 word="$("
onHover 128:25 word="tput"
onHover 128:20 word="=="
onHover 129:28 word=null
onHover 128:28 word="tput"
onDocumentSymbol
onDocumentSymbol
onDocumentHighlight 128:25 word="tput"
onDocumentHighlight 128:26 word="tput"
onDocumentHighlight 128:27 word="tput"
onDocumentHighlight 128:28 word="tput"
onDocumentHighlight 128:29 word=null
onDocumentHighlight 128:30 word="cols"
onDocumentHighlight 128:31 word="cols"
onDocumentHighlight 128:32 word="cols"
onDocumentHighlight 128:33 word="cols"
onDocumentHighlight 128:34 word=")"
onDocumentHighlight 128:40 word="LINES"
onDocumentHighlight 128:41 word="LINES"
onDocumentHighlight 128:42 word="LINES"
onDocumentHighlight 128:43 word="LINES"
onDocumentHighlight 128:44 word="LINES"
onDocumentHighlight 128:45 word=null
onDocumentSymbol
onDocumentSymbol
onDocumentSymbol
onDocumentSymbol
onHover 129:36 word=null
onDocumentHighlight 129:37 word="cols"
onHover 129:36 word=null
onDocumentHighlight 129:12 word="sleep"
onDocumentSymbol
onDocumentHighlight 129:12 word="render_main"
onDocumentSymbol
onDocumentHighlight 128:71 word=null
onDocumentHighlight 128:70 word="then"
onDocumentSymbol
onDocumentHighlight 41:18 word=")"
onDocumentHighlight 40:0 word="COLS"
onDocumentHighlight 144:0 word="render_main"
onHover 139:9 word=null
onDocumentSymbol
onDocumentSymbol
onDocumentSymbol
onDocumentSymbol
onDocumentHighlight 130:0 word="COLS"
onDocumentSymbol
onDocumentHighlight 130:0 word="LINES"
onDocumentSymbol
onDocumentHighlight 130:0 word="COLS"
onDocumentSymbol
onDocumentHighlight 129:0 word="COLS"
onDocumentSymbol
onDocumentSymbol
onDocumentSymbol
onDocumentSymbol
onDocumentHighlight 130:12 word="LINES"
onHover 129:22 word="tput"
onHover 129:22 word="tput"
onDocumentHighlight 131:23 word=null
onDocumentHighlight 131:22 word="render_main"
onDocumentHighlight 129:28 word=")"
onHover 128:34 word=")"
onDocumentHighlight 128:71 word=null
onDocumentHighlight 128:70 word="then"
onDocumentHighlight 129:28 word=")"
onDocumentHighlight 130:30 word=")"
onDocumentSymbol
onCompletion 131:13 word="c"
onDocumentHighlight 131:13 word=null
onCompletionResolve name=c++ type=1
onCompletionResolve name=clear type=1
onDocumentHighlight 131:14 word=null
onCompletionResolve name=clear type=1
onDocumentHighlight 131:15 word=null
onDocumentHighlight 131:16 word=null
onDocumentHighlight 131:17 word=null
onDocumentSymbol
onDocumentHighlight 131:17 word=null
onDocumentHighlight 27:14 word=null
onDocumentHighlight 27:13 word="1"
onDocumentHighlight 27:14 word=null
onDocumentHighlight 27:13 word="1"
onDocumentHighlight 27:12 word="="
onDocumentHighlight 27:11 word="REFRESH_RATE"
onDocumentHighlight 27:12 word="="
onDocumentHighlight 27:11 word="="
onDocumentHighlight 27:10 word="="
onDocumentSymbol
onDocumentHighlight 27:9 word="="
onDocumentHighlight 27:8 word="="
onDocumentHighlight 27:9 word="="
onCompletion 27:9 word="REFRESH_T"
onCompletionResolve name=REFRESH_T type=3
onDocumentHighlight 27:10 word="="
onDocumentHighlight 27:11 word="="
onCompletion 27:11 word="REFRESH_TIM"
onCompletionResolve name=REFRESH_TIM type=3
onDocumentHighlight 27:12 word="="
onDocumentSymbol
onDocumentHighlight 27:13 word="1"
onDocumentHighlight 27:14 word=null
onDocumentSymbol
onDocumentHighlight 27:14 word=null
onDocumentHighlight 27:15 word=null
onDocumentSymbol
onDocumentHighlight 27:14 word=null
onDocumentSymbol
onDocumentHighlight 27:16 word=null
onDocumentHighlight 27:15 word="0.1"
onDocumentSymbol
onDocumentSymbol
onDocumentHighlight 27:16 word=null
onDocumentSymbol
onDocumentHighlight 27:14 word=null
onDocumentSymbol
onDocumentSymbol
onDocumentSymbol
onDocumentHighlight 27:15 word="""
onDocumentSymbol
onDocumentSymbol
onDocumentHighlight 27:17 word="""
onDocumentSymbol
onDocumentHighlight 27:16 word=null
onHover 41:6 word="$("
onDocumentSymbol
onHover 69:26 word="$"
onDocumentHighlight 27:14 word=null
onDocumentSymbol
onDocumentHighlight 27:16 word=null
onDocumentSymbol
onDocumentHighlight 27:15 word="0.1"
onHover 69:17 word="("
onDocumentHighlight 135:8 word=null
onDocumentHighlight 135:7 word="done"
onDocumentHighlight 135:8 word=null
onDocumentHighlight 134:27 word=null
onHover 134:28 word=null
onDocumentHighlight 134:27 word=null
onDocumentHighlight 134:26 word=null
onDocumentHighlight 134:25 word=null
onDocumentSymbol
onDocumentHighlight 134:24 word=null
onDocumentHighlight 134:23 word=null
onDocumentSymbol
onCompletion 134:24 word="REFRESH_T"
onDocumentHighlight 134:24 word=null
onCompletionResolve name=REFRESH_TIME type=3
onDocumentHighlight 134:25 word=null
onDocumentHighlight 134:26 word=null
onDocumentHighlight 134:27 word=null
onDocumentSymbol
onDocumentHighlight 134:26 word="REFRESH_TIME"
onDocumentHighlight 43:30 word="#DIMENSION [ hardcoded for now]"
onDocumentHighlight 27:16 word=null
onDocumentHighlight 27:15 word="0.1"
onDocumentHighlight 27:16 word=null
onDocumentHighlight 27:14 word=null
onDocumentSymbol
onDocumentHighlight 27:13 word="0"
onDocumentHighlight 27:15 word="0.1"
onDocumentSymbol
onHover 140:13 word=null
onHover 140:13 word=null
onDocumentHighlight 140:4 word="sleep"
onDocumentSymbol
onDocumentHighlight 139:4 word="render_border"
onDocumentHighlight 138:4 word="render_main"
onDocumentHighlight 137:4 word="refresh"
onDocumentSymbol
onDocumentHighlight 137:0 word="refresh"
onDocumentHighlight 136:1 word="refresh"
onDocumentSymbol
onDocumentHighlight 137:0 word="refresh"
onDocumentSymbol
